<?xml version="1.0" encoding="UTF-8"?>
<testsuite xmlns:xsi="http://www.w3.org/2001/XMLSchema-instance" xsi:noNamespaceSchemaLocation="https://maven.apache.org/surefire/maven-surefire-plugin/xsd/surefire-test-report.xsd" version="3.0.2" name="TestSuite" time="191.526" tests="18" errors="0" skipped="0" failures="0">
  <properties>
    <property name="sun.desktop" value="windows"/>
    <property name="awt.toolkit" value="sun.awt.windows.WToolkit"/>
    <property name="java.specification.version" value="11"/>
    <property name="webdriver.chrome.driver" value="C:\Users\offic\eclipse-workspace\chromedriver_win32\chromedriver.exe"/>
    <property name="sun.cpu.isalist" value="amd64"/>
    <property name="sun.jnu.encoding" value="Cp1252"/>
    <property name="java.class.path" value="C:\Users\offic\eclipse-workspace\HDFC_Banking_Application\target\test-classes;C:\Users\offic\eclipse-workspace\HDFC_Banking_Application\target\classes;C:\WINDOWS\system32\config\systemprofile\.m2\repository\junit\junit\4.11\junit-4.11.jar;C:\WINDOWS\system32\config\systemprofile\.m2\repository\org\hamcrest\hamcrest-core\1.3\hamcrest-core-1.3.jar;C:\WINDOWS\system32\config\systemprofile\.m2\repository\org\seleniumhq\selenium\selenium-java\4.11.0\selenium-java-4.11.0.jar;C:\WINDOWS\system32\config\systemprofile\.m2\repository\org\seleniumhq\selenium\selenium-devtools-v114\4.11.0\selenium-devtools-v114-4.11.0.jar;C:\WINDOWS\system32\config\systemprofile\.m2\repository\org\seleniumhq\selenium\selenium-devtools-v115\4.11.0\selenium-devtools-v115-4.11.0.jar;C:\WINDOWS\system32\config\systemprofile\.m2\repository\org\seleniumhq\selenium\selenium-devtools-v85\4.11.0\selenium-devtools-v85-4.11.0.jar;C:\WINDOWS\system32\config\systemprofile\.m2\repository\org\seleniumhq\selenium\selenium-ie-driver\4.11.0\selenium-ie-driver-4.11.0.jar;C:\WINDOWS\system32\config\systemprofile\.m2\repository\org\seleniumhq\selenium\selenium-manager\4.11.0\selenium-manager-4.11.0.jar;C:\WINDOWS\system32\config\systemprofile\.m2\repository\org\seleniumhq\selenium\selenium-safari-driver\4.11.0\selenium-safari-driver-4.11.0.jar;C:\WINDOWS\system32\config\systemprofile\.m2\repository\org\seleniumhq\selenium\selenium-chrome-driver\4.8.0\selenium-chrome-driver-4.8.0.jar;C:\WINDOWS\system32\config\systemprofile\.m2\repository\com\google\auto\service\auto-service-annotations\1.0.1\auto-service-annotations-1.0.1.jar;C:\WINDOWS\system32\config\systemprofile\.m2\repository\com\google\auto\service\auto-service\1.0.1\auto-service-1.0.1.jar;C:\WINDOWS\system32\config\systemprofile\.m2\repository\com\google\auto\auto-common\1.2\auto-common-1.2.jar;C:\WINDOWS\system32\config\systemprofile\.m2\repository\com\google\guava\guava\31.1-jre\guava-31.1-jre.jar;C:\WINDOWS\system32\config\systemprofile\.m2\repository\com\google\guava\failureaccess\1.0.1\failureaccess-1.0.1.jar;C:\WINDOWS\system32\config\systemprofile\.m2\repository\com\google\guava\listenablefuture\9999.0-empty-to-avoid-conflict-with-guava\listenablefuture-9999.0-empty-to-avoid-conflict-with-guava.jar;C:\WINDOWS\system32\config\systemprofile\.m2\repository\com\google\code\findbugs\jsr305\3.0.2\jsr305-3.0.2.jar;C:\WINDOWS\system32\config\systemprofile\.m2\repository\org\checkerframework\checker-qual\3.12.0\checker-qual-3.12.0.jar;C:\WINDOWS\system32\config\systemprofile\.m2\repository\com\google\errorprone\error_prone_annotations\2.11.0\error_prone_annotations-2.11.0.jar;C:\WINDOWS\system32\config\systemprofile\.m2\repository\com\google\j2objc\j2objc-annotations\1.3\j2objc-annotations-1.3.jar;C:\WINDOWS\system32\config\systemprofile\.m2\repository\org\seleniumhq\selenium\selenium-chromium-driver\4.8.0\selenium-chromium-driver-4.8.0.jar;C:\WINDOWS\system32\config\systemprofile\.m2\repository\org\seleniumhq\selenium\selenium-json\4.8.0\selenium-json-4.8.0.jar;C:\WINDOWS\system32\config\systemprofile\.m2\repository\org\seleniumhq\selenium\selenium-firefox-driver\4.5.0\selenium-firefox-driver-4.5.0.jar;C:\WINDOWS\system32\config\systemprofile\.m2\repository\org\seleniumhq\selenium\selenium-edge-driver\4.5.0\selenium-edge-driver-4.5.0.jar;C:\WINDOWS\system32\config\systemprofile\.m2\repository\org\seleniumhq\selenium\selenium-api\4.5.0\selenium-api-4.5.0.jar;C:\WINDOWS\system32\config\systemprofile\.m2\repository\org\seleniumhq\selenium\selenium-remote-driver\4.5.0\selenium-remote-driver-4.5.0.jar;C:\WINDOWS\system32\config\systemprofile\.m2\repository\com\beust\jcommander\1.82\jcommander-1.82.jar;C:\WINDOWS\system32\config\systemprofile\.m2\repository\io\netty\netty-buffer\4.1.79.Final\netty-buffer-4.1.79.Final.jar;C:\WINDOWS\system32\config\systemprofile\.m2\repository\io\netty\netty-codec-http\4.1.79.Final\netty-codec-http-4.1.79.Final.jar;C:\WINDOWS\system32\config\systemprofile\.m2\repository\io\netty\netty-codec\4.1.79.Final\netty-codec-4.1.79.Final.jar;C:\WINDOWS\system32\config\systemprofile\.m2\repository\io\netty\netty-handler\4.1.79.Final\netty-handler-4.1.79.Final.jar;C:\WINDOWS\system32\config\systemprofile\.m2\repository\io\netty\netty-common\4.1.79.Final\netty-common-4.1.79.Final.jar;C:\WINDOWS\system32\config\systemprofile\.m2\repository\io\netty\netty-transport-classes-epoll\4.1.79.Final\netty-transport-classes-epoll-4.1.79.Final.jar;C:\WINDOWS\system32\config\systemprofile\.m2\repository\io\netty\netty-transport-classes-kqueue\4.1.79.Final\netty-transport-classes-kqueue-4.1.79.Final.jar;C:\WINDOWS\system32\config\systemprofile\.m2\repository\io\netty\netty-transport-native-epoll\4.1.79.Final\netty-transport-native-epoll-4.1.79.Final.jar;C:\WINDOWS\system32\config\systemprofile\.m2\repository\io\netty\netty-transport-native-kqueue\4.1.79.Final\netty-transport-native-kqueue-4.1.79.Final.jar;C:\WINDOWS\system32\config\systemprofile\.m2\repository\io\netty\netty-transport-native-unix-common\4.1.79.Final\netty-transport-native-unix-common-4.1.79.Final.jar;C:\WINDOWS\system32\config\systemprofile\.m2\repository\io\netty\netty-transport\4.1.79.Final\netty-transport-4.1.79.Final.jar;C:\WINDOWS\system32\config\systemprofile\.m2\repository\io\netty\netty-resolver\4.1.79.Final\netty-resolver-4.1.79.Final.jar;C:\WINDOWS\system32\config\systemprofile\.m2\repository\io\opentelemetry\opentelemetry-api\1.17.0\opentelemetry-api-1.17.0.jar;C:\WINDOWS\system32\config\systemprofile\.m2\repository\io\opentelemetry\opentelemetry-context\1.17.0\opentelemetry-context-1.17.0.jar;C:\WINDOWS\system32\config\systemprofile\.m2\repository\io\opentelemetry\opentelemetry-exporter-logging\1.17.0\opentelemetry-exporter-logging-1.17.0.jar;C:\WINDOWS\system32\config\systemprofile\.m2\repository\io\opentelemetry\opentelemetry-sdk-metrics\1.17.0\opentelemetry-sdk-metrics-1.17.0.jar;C:\WINDOWS\system32\config\systemprofile\.m2\repository\io\opentelemetry\opentelemetry-sdk-logs\1.17.0-alpha\opentelemetry-sdk-logs-1.17.0-alpha.jar;C:\WINDOWS\system32\config\systemprofile\.m2\repository\io\opentelemetry\opentelemetry-sdk-common\1.17.0\opentelemetry-sdk-common-1.17.0.jar;C:\WINDOWS\system32\config\systemprofile\.m2\repository\io\opentelemetry\opentelemetry-sdk-extension-autoconfigure-spi\1.17.0\opentelemetry-sdk-extension-autoconfigure-spi-1.17.0.jar;C:\WINDOWS\system32\config\systemprofile\.m2\repository\io\opentelemetry\opentelemetry-sdk-extension-autoconfigure\1.17.0-alpha\opentelemetry-sdk-extension-autoconfigure-1.17.0-alpha.jar;C:\WINDOWS\system32\config\systemprofile\.m2\repository\io\opentelemetry\opentelemetry-exporter-common\1.17.0\opentelemetry-exporter-common-1.17.0.jar;C:\WINDOWS\system32\config\systemprofile\.m2\repository\io\opentelemetry\opentelemetry-sdk-trace\1.17.0\opentelemetry-sdk-trace-1.17.0.jar;C:\WINDOWS\system32\config\systemprofile\.m2\repository\io\opentelemetry\opentelemetry-sdk\1.17.0\opentelemetry-sdk-1.17.0.jar;C:\WINDOWS\system32\config\systemprofile\.m2\repository\io\opentelemetry\opentelemetry-semconv\1.17.0-alpha\opentelemetry-semconv-1.17.0-alpha.jar;C:\WINDOWS\system32\config\systemprofile\.m2\repository\io\ous\jtoml\2.0.0\jtoml-2.0.0.jar;C:\WINDOWS\system32\config\systemprofile\.m2\repository\net\bytebuddy\byte-buddy\1.12.14\byte-buddy-1.12.14.jar;C:\WINDOWS\system32\config\systemprofile\.m2\repository\org\apache\commons\commons-exec\1.3\commons-exec-1.3.jar;C:\WINDOWS\system32\config\systemprofile\.m2\repository\org\asynchttpclient\async-http-client\2.12.3\async-http-client-2.12.3.jar;C:\WINDOWS\system32\config\systemprofile\.m2\repository\org\asynchttpclient\async-http-client-netty-utils\2.12.3\async-http-client-netty-utils-2.12.3.jar;C:\WINDOWS\system32\config\systemprofile\.m2\repository\io\netty\netty-codec-socks\4.1.60.Final\netty-codec-socks-4.1.60.Final.jar;C:\WINDOWS\system32\config\systemprofile\.m2\repository\io\netty\netty-handler-proxy\4.1.60.Final\netty-handler-proxy-4.1.60.Final.jar;C:\WINDOWS\system32\config\systemprofile\.m2\repository\io\netty\netty-transport-native-epoll\4.1.60.Final\netty-transport-native-epoll-4.1.60.Final-linux-x86_64.jar;C:\WINDOWS\system32\config\systemprofile\.m2\repository\io\netty\netty-transport-native-kqueue\4.1.60.Final\netty-transport-native-kqueue-4.1.60.Final-osx-x86_64.jar;C:\WINDOWS\system32\config\systemprofile\.m2\repository\org\reactivestreams\reactive-streams\1.0.3\reactive-streams-1.0.3.jar;C:\WINDOWS\system32\config\systemprofile\.m2\repository\com\typesafe\netty\netty-reactive-streams\2.0.4\netty-reactive-streams-2.0.4.jar;C:\WINDOWS\system32\config\systemprofile\.m2\repository\com\sun\activation\jakarta.activation\1.2.2\jakarta.activation-1.2.2.jar;C:\WINDOWS\system32\config\systemprofile\.m2\repository\org\seleniumhq\selenium\selenium-http\4.5.0\selenium-http-4.5.0.jar;C:\WINDOWS\system32\config\systemprofile\.m2\repository\dev\failsafe\failsafe\3.2.4\failsafe-3.2.4.jar;C:\WINDOWS\system32\config\systemprofile\.m2\repository\io\github\bonigarcia\webdrivermanager\5.7.0\webdrivermanager-5.7.0.jar;C:\WINDOWS\system32\config\systemprofile\.m2\repository\org\slf4j\slf4j-api\2.0.12\slf4j-api-2.0.12.jar;C:\WINDOWS\system32\config\systemprofile\.m2\repository\com\google\code\gson\gson\2.10.1\gson-2.10.1.jar;C:\WINDOWS\system32\config\systemprofile\.m2\repository\com\github\docker-java\docker-java\3.3.5\docker-java-3.3.5.jar;C:\WINDOWS\system32\config\systemprofile\.m2\repository\com\github\docker-java\docker-java-core\3.3.5\docker-java-core-3.3.5.jar;C:\WINDOWS\system32\config\systemprofile\.m2\repository\com\github\docker-java\docker-java-api\3.3.5\docker-java-api-3.3.5.jar;C:\WINDOWS\system32\config\systemprofile\.m2\repository\com\fasterxml\jackson\core\jackson-annotations\2.10.3\jackson-annotations-2.10.3.jar;C:\WINDOWS\system32\config\systemprofile\.m2\repository\com\fasterxml\jackson\core\jackson-databind\2.10.3\jackson-databind-2.10.3.jar;C:\WINDOWS\system32\config\systemprofile\.m2\repository\com\fasterxml\jackson\core\jackson-core\2.10.3\jackson-core-2.10.3.jar;C:\WINDOWS\system32\config\systemprofile\.m2\repository\org\bouncycastle\bcpkix-jdk18on\1.76\bcpkix-jdk18on-1.76.jar;C:\WINDOWS\system32\config\systemprofile\.m2\repository\org\bouncycastle\bcprov-jdk18on\1.76\bcprov-jdk18on-1.76.jar;C:\WINDOWS\system32\config\systemprofile\.m2\repository\org\bouncycastle\bcutil-jdk18on\1.76\bcutil-jdk18on-1.76.jar;C:\WINDOWS\system32\config\systemprofile\.m2\repository\org\slf4j\jcl-over-slf4j\1.7.30\jcl-over-slf4j-1.7.30.jar;C:\WINDOWS\system32\config\systemprofile\.m2\repository\com\github\docker-java\docker-java-transport-httpclient5\3.3.5\docker-java-transport-httpclient5-3.3.5.jar;C:\WINDOWS\system32\config\systemprofile\.m2\repository\com\github\docker-java\docker-java-transport\3.3.5\docker-java-transport-3.3.5.jar;C:\WINDOWS\system32\config\systemprofile\.m2\repository\net\java\dev\jna\jna\5.13.0\jna-5.13.0.jar;C:\WINDOWS\system32\config\systemprofile\.m2\repository\org\brotli\dec\0.1.2\dec-0.1.2.jar;C:\WINDOWS\system32\config\systemprofile\.m2\repository\org\apache\commons\commons-lang3\3.14.0\commons-lang3-3.14.0.jar;C:\WINDOWS\system32\config\systemprofile\.m2\repository\org\apache\commons\commons-compress\1.26.0\commons-compress-1.26.0.jar;C:\WINDOWS\system32\config\systemprofile\.m2\repository\org\apache\httpcomponents\client5\httpclient5\5.2.1\httpclient5-5.2.1.jar;C:\WINDOWS\system32\config\systemprofile\.m2\repository\org\apache\httpcomponents\core5\httpcore5\5.2\httpcore5-5.2.jar;C:\WINDOWS\system32\config\systemprofile\.m2\repository\org\apache\httpcomponents\core5\httpcore5-h2\5.2\httpcore5-h2-5.2.jar;C:\WINDOWS\system32\config\systemprofile\.m2\repository\org\seleniumhq\selenium\selenium-devtools-v113\4.9.1\selenium-devtools-v113-4.9.1.jar;C:\WINDOWS\system32\config\systemprofile\.m2\repository\org\seleniumhq\selenium\selenium-support\4.5.0\selenium-support-4.5.0.jar;C:\WINDOWS\system32\config\systemprofile\.m2\repository\org\seleniumhq\selenium\htmlunit-driver\4.5.0\htmlunit-driver-4.5.0.jar;C:\WINDOWS\system32\config\systemprofile\.m2\repository\net\sourceforge\htmlunit\htmlunit\2.65.1\htmlunit-2.65.1.jar;C:\WINDOWS\system32\config\systemprofile\.m2\repository\org\apache\httpcomponents\httpmime\4.5.13\httpmime-4.5.13.jar;C:\WINDOWS\system32\config\systemprofile\.m2\repository\org\apache\httpcomponents\httpclient\4.5.13\httpclient-4.5.13.jar;C:\WINDOWS\system32\config\systemprofile\.m2\repository\org\apache\httpcomponents\httpcore\4.4.13\httpcore-4.4.13.jar;C:\WINDOWS\system32\config\systemprofile\.m2\repository\net\sourceforge\htmlunit\htmlunit-core-js\2.65.0\htmlunit-core-js-2.65.0.jar;C:\WINDOWS\system32\config\systemprofile\.m2\repository\net\sourceforge\htmlunit\neko-htmlunit\2.65.0\neko-htmlunit-2.65.0.jar;C:\WINDOWS\system32\config\systemprofile\.m2\repository\xerces\xercesImpl\2.12.2\xercesImpl-2.12.2.jar;C:\WINDOWS\system32\config\systemprofile\.m2\repository\xml-apis\xml-apis\1.4.01\xml-apis-1.4.01.jar;C:\WINDOWS\system32\config\systemprofile\.m2\repository\net\sourceforge\htmlunit\htmlunit-cssparser\1.12.0\htmlunit-cssparser-1.12.0.jar;C:\WINDOWS\system32\config\systemprofile\.m2\repository\net\sourceforge\htmlunit\htmlunit-xpath\2.65.0\htmlunit-xpath-2.65.0.jar;C:\WINDOWS\system32\config\systemprofile\.m2\repository\org\apache\commons\commons-text\1.9\commons-text-1.9.jar;C:\WINDOWS\system32\config\systemprofile\.m2\repository\commons-logging\commons-logging\1.2\commons-logging-1.2.jar;C:\WINDOWS\system32\config\systemprofile\.m2\repository\commons-net\commons-net\3.8.0\commons-net-3.8.0.jar;C:\WINDOWS\system32\config\systemprofile\.m2\repository\commons-codec\commons-codec\1.15\commons-codec-1.15.jar;C:\WINDOWS\system32\config\systemprofile\.m2\repository\com\shapesecurity\salvation2\3.0.1\salvation2-3.0.1.jar;C:\WINDOWS\system32\config\systemprofile\.m2\repository\org\eclipse\jetty\websocket\websocket-client\9.4.49.v20220914\websocket-client-9.4.49.v20220914.jar;C:\WINDOWS\system32\config\systemprofile\.m2\repository\org\eclipse\jetty\jetty-client\9.4.49.v20220914\jetty-client-9.4.49.v20220914.jar;C:\WINDOWS\system32\config\systemprofile\.m2\repository\org\eclipse\jetty\jetty-http\9.4.49.v20220914\jetty-http-9.4.49.v20220914.jar;C:\WINDOWS\system32\config\systemprofile\.m2\repository\org\eclipse\jetty\jetty-util\9.4.49.v20220914\jetty-util-9.4.49.v20220914.jar;C:\WINDOWS\system32\config\systemprofile\.m2\repository\org\eclipse\jetty\jetty-io\9.4.49.v20220914\jetty-io-9.4.49.v20220914.jar;C:\WINDOWS\system32\config\systemprofile\.m2\repository\org\eclipse\jetty\websocket\websocket-common\9.4.49.v20220914\websocket-common-9.4.49.v20220914.jar;C:\WINDOWS\system32\config\systemprofile\.m2\repository\org\eclipse\jetty\websocket\websocket-api\9.4.49.v20220914\websocket-api-9.4.49.v20220914.jar;C:\WINDOWS\system32\config\systemprofile\.m2\repository\commons-io\commons-io\2.16.1\commons-io-2.16.1.jar;C:\WINDOWS\system32\config\systemprofile\.m2\repository\com\aventstack\extentreports\5.1.1\extentreports-5.1.1.jar;C:\WINDOWS\system32\config\systemprofile\.m2\repository\io\reactivex\rxjava3\rxjava\3.1.6\rxjava-3.1.6.jar;C:\WINDOWS\system32\config\systemprofile\.m2\repository\org\freemarker\freemarker\2.3.32\freemarker-2.3.32.jar;C:\WINDOWS\system32\config\systemprofile\.m2\repository\org\projectlombok\lombok\1.18.26\lombok-1.18.26.jar;C:\WINDOWS\system32\config\systemprofile\.m2\repository\com\sikulix\sikulixapi\2.0.5\sikulixapi-2.0.5.jar;C:\WINDOWS\system32\config\systemprofile\.m2\repository\org\python\jython-slim\2.7.2\jython-slim-2.7.2.jar;C:\WINDOWS\system32\config\systemprofile\.m2\repository\org\antlr\antlr\3.5.2\antlr-3.5.2.jar;C:\WINDOWS\system32\config\systemprofile\.m2\repository\org\antlr\ST4\4.0.8\ST4-4.0.8.jar;C:\WINDOWS\system32\config\systemprofile\.m2\repository\javax\servlet\javax.servlet-api\3.1.0\javax.servlet-api-3.1.0.jar;C:\WINDOWS\system32\config\systemprofile\.m2\repository\org\antlr\antlr-runtime\3.5.2\antlr-runtime-3.5.2.jar;C:\WINDOWS\system32\config\systemprofile\.m2\repository\org\bouncycastle\bcpkix-jdk15on\1.62\bcpkix-jdk15on-1.62.jar;C:\WINDOWS\system32\config\systemprofile\.m2\repository\org\bouncycastle\bcprov-jdk15on\1.62\bcprov-jdk15on-1.62.jar;C:\WINDOWS\system32\config\systemprofile\.m2\repository\org\ow2\asm\asm\7.1\asm-7.1.jar;C:\WINDOWS\system32\config\systemprofile\.m2\repository\org\ow2\asm\asm-commons\7.1\asm-commons-7.1.jar;C:\WINDOWS\system32\config\systemprofile\.m2\repository\org\ow2\asm\asm-tree\7.1\asm-tree-7.1.jar;C:\WINDOWS\system32\config\systemprofile\.m2\repository\org\ow2\asm\asm-analysis\7.1\asm-analysis-7.1.jar;C:\WINDOWS\system32\config\systemprofile\.m2\repository\org\ow2\asm\asm-util\7.1\asm-util-7.1.jar;C:\WINDOWS\system32\config\systemprofile\.m2\repository\com\ibm\icu\icu4j\59.1\icu4j-59.1.jar;C:\WINDOWS\system32\config\systemprofile\.m2\repository\com\carrotsearch\java-sizeof\0.0.5\java-sizeof-0.0.5.jar;C:\WINDOWS\system32\config\systemprofile\.m2\repository\com\github\jnr\jffi\1.2.20\jffi-1.2.20.jar;C:\WINDOWS\system32\config\systemprofile\.m2\repository\com\github\jnr\jnr-netdb\1.1.6\jnr-netdb-1.1.6.jar;C:\WINDOWS\system32\config\systemprofile\.m2\repository\com\github\jnr\jnr-ffi\2.1.10\jnr-ffi-2.1.10.jar;C:\WINDOWS\system32\config\systemprofile\.m2\repository\com\github\jnr\jffi\1.2.19\jffi-1.2.19-native.jar;C:\WINDOWS\system32\config\systemprofile\.m2\repository\com\github\jnr\jnr-a64asm\1.0.0\jnr-a64asm-1.0.0.jar;C:\WINDOWS\system32\config\systemprofile\.m2\repository\com\github\jnr\jnr-x86asm\1.0.2\jnr-x86asm-1.0.2.jar;C:\WINDOWS\system32\config\systemprofile\.m2\repository\com\github\jnr\jnr-posix\3.0.50\jnr-posix-3.0.50.jar;C:\WINDOWS\system32\config\systemprofile\.m2\repository\com\github\jnr\jnr-constants\0.9.12\jnr-constants-0.9.12.jar;C:\WINDOWS\system32\config\systemprofile\.m2\repository\jline\jline\2.14.5\jline-2.14.5.jar;C:\WINDOWS\system32\config\systemprofile\.m2\repository\org\apache\ant\ant\1.9.7\ant-1.9.7.jar;C:\WINDOWS\system32\config\systemprofile\.m2\repository\org\apache\ant\ant-launcher\1.9.7\ant-launcher-1.9.7.jar;C:\WINDOWS\system32\config\systemprofile\.m2\repository\com\sikulix\sikulix2tigervnc\1.1.4\sikulix2tigervnc-1.1.4.jar;C:\WINDOWS\system32\config\systemprofile\.m2\repository\org\openpnp\opencv\4.3.0-3\opencv-4.3.0-3.jar;C:\WINDOWS\system32\config\systemprofile\.m2\repository\commons-cli\commons-cli\1.4\commons-cli-1.4.jar;C:\WINDOWS\system32\config\systemprofile\.m2\repository\net\java\dev\jna\jna-platform\5.6.0\jna-platform-5.6.0.jar;C:\WINDOWS\system32\config\systemprofile\.m2\repository\net\oneandone\reflections8\reflections8\0.11.6\reflections8-0.11.6.jar;C:\WINDOWS\system32\config\systemprofile\.m2\repository\org\javassist\javassist\3.22.0-GA\javassist-3.22.0-GA.jar;C:\WINDOWS\system32\config\systemprofile\.m2\repository\net\sourceforge\tess4j\tess4j\4.5.4\tess4j-4.5.4.jar;C:\WINDOWS\system32\config\systemprofile\.m2\repository\com\github\jai-imageio\jai-imageio-core\1.4.0\jai-imageio-core-1.4.0.jar;C:\WINDOWS\system32\config\systemprofile\.m2\repository\org\ghost4j\ghost4j\1.0.1\ghost4j-1.0.1.jar;C:\WINDOWS\system32\config\systemprofile\.m2\repository\log4j\log4j\1.2.17\log4j-1.2.17.jar;C:\WINDOWS\system32\config\systemprofile\.m2\repository\commons-beanutils\commons-beanutils\1.9.2\commons-beanutils-1.9.2.jar;C:\WINDOWS\system32\config\systemprofile\.m2\repository\commons-collections\commons-collections\3.2.1\commons-collections-3.2.1.jar;C:\WINDOWS\system32\config\systemprofile\.m2\repository\org\apache\xmlgraphics\xmlgraphics-commons\1.4\xmlgraphics-commons-1.4.jar;C:\WINDOWS\system32\config\systemprofile\.m2\repository\com\lowagie\itext\2.1.7\itext-2.1.7.jar;C:\WINDOWS\system32\config\systemprofile\.m2\repository\org\apache\pdfbox\pdfbox\2.0.21\pdfbox-2.0.21.jar;C:\WINDOWS\system32\config\systemprofile\.m2\repository\org\apache\pdfbox\fontbox\2.0.21\fontbox-2.0.21.jar;C:\WINDOWS\system32\config\systemprofile\.m2\repository\org\apache\pdfbox\pdfbox-tools\2.0.21\pdfbox-tools-2.0.21.jar;C:\WINDOWS\system32\config\systemprofile\.m2\repository\org\apache\pdfbox\pdfbox-debugger\2.0.21\pdfbox-debugger-2.0.21.jar;C:\WINDOWS\system32\config\systemprofile\.m2\repository\org\apache\pdfbox\jbig2-imageio\3.0.3\jbig2-imageio-3.0.3.jar;C:\WINDOWS\system32\config\systemprofile\.m2\repository\net\sourceforge\lept4j\lept4j\1.13.2\lept4j-1.13.2.jar;C:\WINDOWS\system32\config\systemprofile\.m2\repository\org\jboss\jboss-vfs\3.2.15.Final\jboss-vfs-3.2.15.Final.jar;C:\WINDOWS\system32\config\systemprofile\.m2\repository\org\jboss\logging\jboss-logging\3.1.4.GA\jboss-logging-3.1.4.GA.jar;C:\WINDOWS\system32\config\systemprofile\.m2\repository\org\slf4j\slf4j-nop\1.7.28\slf4j-nop-1.7.28.jar;C:\WINDOWS\system32\config\systemprofile\.m2\repository\net\sf\py4j\py4j\0.10.9.1\py4j-0.10.9.1.jar;C:\WINDOWS\system32\config\systemprofile\.m2\repository\org\testng\testng\7.10.2\testng-7.10.2.jar;C:\WINDOWS\system32\config\systemprofile\.m2\repository\org\webjars\jquery\3.7.1\jquery-3.7.1.jar;C:\WINDOWS\system32\config\systemprofile\.m2\repository\org\apache\poi\poi-ooxml\5.2.2\poi-ooxml-5.2.2.jar;C:\WINDOWS\system32\config\systemprofile\.m2\repository\org\apache\poi\poi\5.2.2\poi-5.2.2.jar;C:\WINDOWS\system32\config\systemprofile\.m2\repository\org\apache\commons\commons-math3\3.6.1\commons-math3-3.6.1.jar;C:\WINDOWS\system32\config\systemprofile\.m2\repository\com\zaxxer\SparseBitSet\1.2\SparseBitSet-1.2.jar;C:\WINDOWS\system32\config\systemprofile\.m2\repository\org\apache\poi\poi-ooxml-lite\5.2.2\poi-ooxml-lite-5.2.2.jar;C:\WINDOWS\system32\config\systemprofile\.m2\repository\org\apache\xmlbeans\xmlbeans\5.0.3\xmlbeans-5.0.3.jar;C:\WINDOWS\system32\config\systemprofile\.m2\repository\com\github\virtuald\curvesapi\1.07\curvesapi-1.07.jar;C:\WINDOWS\system32\config\systemprofile\.m2\repository\org\apache\logging\log4j\log4j-api\2.17.2\log4j-api-2.17.2.jar;C:\WINDOWS\system32\config\systemprofile\.m2\repository\org\apache\commons\commons-collections4\4.4\commons-collections4-4.4.jar;C:\WINDOWS\system32\config\systemprofile\.m2\repository\org\slf4j\slf4j-simple\2.0.13\slf4j-simple-2.0.13.jar;C:\WINDOWS\system32\config\systemprofile\.m2\repository\org\apache\logging\log4j\log4j-slf4j-impl\2.23.1\log4j-slf4j-impl-2.23.1.jar;C:\WINDOWS\system32\config\systemprofile\.m2\repository\org\apache\logging\log4j\log4j-core\2.23.1\log4j-core-2.23.1.jar;"/>
    <property name="java.vm.vendor" value="Oracle Corporation"/>
    <property name="sun.arch.data.model" value="64"/>
    <property name="user.variant" value=""/>
    <property name="java.vendor.url" value="https://openjdk.java.net/"/>
    <property name="user.timezone" value="Asia/Calcutta"/>
    <property name="java.vm.specification.version" value="11"/>
    <property name="os.name" value="Windows 11"/>
    <property name="sun.java.launcher" value="SUN_STANDARD"/>
    <property name="user.country" value="US"/>
    <property name="sun.boot.library.path" value="C:\Program Files\Java\jdk-11.0.17\bin"/>
    <property name="sun.java.command" value="C:\Windows\Temp\surefire10166596622790908145\surefirebooter-20240802145554637_3.jar C:\Windows\Temp\surefire10166596622790908145 2024-08-02T14-55-54_257-jvmRun1 surefire-20240802145554637_1tmp surefire_0-20240802145554637_2tmp"/>
    <property name="jdk.debug" value="release"/>
    <property name="surefire.test.class.path" value="C:\Users\offic\eclipse-workspace\HDFC_Banking_Application\target\test-classes;C:\Users\offic\eclipse-workspace\HDFC_Banking_Application\target\classes;C:\WINDOWS\system32\config\systemprofile\.m2\repository\junit\junit\4.11\junit-4.11.jar;C:\WINDOWS\system32\config\systemprofile\.m2\repository\org\hamcrest\hamcrest-core\1.3\hamcrest-core-1.3.jar;C:\WINDOWS\system32\config\systemprofile\.m2\repository\org\seleniumhq\selenium\selenium-java\4.11.0\selenium-java-4.11.0.jar;C:\WINDOWS\system32\config\systemprofile\.m2\repository\org\seleniumhq\selenium\selenium-devtools-v114\4.11.0\selenium-devtools-v114-4.11.0.jar;C:\WINDOWS\system32\config\systemprofile\.m2\repository\org\seleniumhq\selenium\selenium-devtools-v115\4.11.0\selenium-devtools-v115-4.11.0.jar;C:\WINDOWS\system32\config\systemprofile\.m2\repository\org\seleniumhq\selenium\selenium-devtools-v85\4.11.0\selenium-devtools-v85-4.11.0.jar;C:\WINDOWS\system32\config\systemprofile\.m2\repository\org\seleniumhq\selenium\selenium-ie-driver\4.11.0\selenium-ie-driver-4.11.0.jar;C:\WINDOWS\system32\config\systemprofile\.m2\repository\org\seleniumhq\selenium\selenium-manager\4.11.0\selenium-manager-4.11.0.jar;C:\WINDOWS\system32\config\systemprofile\.m2\repository\org\seleniumhq\selenium\selenium-safari-driver\4.11.0\selenium-safari-driver-4.11.0.jar;C:\WINDOWS\system32\config\systemprofile\.m2\repository\org\seleniumhq\selenium\selenium-chrome-driver\4.8.0\selenium-chrome-driver-4.8.0.jar;C:\WINDOWS\system32\config\systemprofile\.m2\repository\com\google\auto\service\auto-service-annotations\1.0.1\auto-service-annotations-1.0.1.jar;C:\WINDOWS\system32\config\systemprofile\.m2\repository\com\google\auto\service\auto-service\1.0.1\auto-service-1.0.1.jar;C:\WINDOWS\system32\config\systemprofile\.m2\repository\com\google\auto\auto-common\1.2\auto-common-1.2.jar;C:\WINDOWS\system32\config\systemprofile\.m2\repository\com\google\guava\guava\31.1-jre\guava-31.1-jre.jar;C:\WINDOWS\system32\config\systemprofile\.m2\repository\com\google\guava\failureaccess\1.0.1\failureaccess-1.0.1.jar;C:\WINDOWS\system32\config\systemprofile\.m2\repository\com\google\guava\listenablefuture\9999.0-empty-to-avoid-conflict-with-guava\listenablefuture-9999.0-empty-to-avoid-conflict-with-guava.jar;C:\WINDOWS\system32\config\systemprofile\.m2\repository\com\google\code\findbugs\jsr305\3.0.2\jsr305-3.0.2.jar;C:\WINDOWS\system32\config\systemprofile\.m2\repository\org\checkerframework\checker-qual\3.12.0\checker-qual-3.12.0.jar;C:\WINDOWS\system32\config\systemprofile\.m2\repository\com\google\errorprone\error_prone_annotations\2.11.0\error_prone_annotations-2.11.0.jar;C:\WINDOWS\system32\config\systemprofile\.m2\repository\com\google\j2objc\j2objc-annotations\1.3\j2objc-annotations-1.3.jar;C:\WINDOWS\system32\config\systemprofile\.m2\repository\org\seleniumhq\selenium\selenium-chromium-driver\4.8.0\selenium-chromium-driver-4.8.0.jar;C:\WINDOWS\system32\config\systemprofile\.m2\repository\org\seleniumhq\selenium\selenium-json\4.8.0\selenium-json-4.8.0.jar;C:\WINDOWS\system32\config\systemprofile\.m2\repository\org\seleniumhq\selenium\selenium-firefox-driver\4.5.0\selenium-firefox-driver-4.5.0.jar;C:\WINDOWS\system32\config\systemprofile\.m2\repository\org\seleniumhq\selenium\selenium-edge-driver\4.5.0\selenium-edge-driver-4.5.0.jar;C:\WINDOWS\system32\config\systemprofile\.m2\repository\org\seleniumhq\selenium\selenium-api\4.5.0\selenium-api-4.5.0.jar;C:\WINDOWS\system32\config\systemprofile\.m2\repository\org\seleniumhq\selenium\selenium-remote-driver\4.5.0\selenium-remote-driver-4.5.0.jar;C:\WINDOWS\system32\config\systemprofile\.m2\repository\com\beust\jcommander\1.82\jcommander-1.82.jar;C:\WINDOWS\system32\config\systemprofile\.m2\repository\io\netty\netty-buffer\4.1.79.Final\netty-buffer-4.1.79.Final.jar;C:\WINDOWS\system32\config\systemprofile\.m2\repository\io\netty\netty-codec-http\4.1.79.Final\netty-codec-http-4.1.79.Final.jar;C:\WINDOWS\system32\config\systemprofile\.m2\repository\io\netty\netty-codec\4.1.79.Final\netty-codec-4.1.79.Final.jar;C:\WINDOWS\system32\config\systemprofile\.m2\repository\io\netty\netty-handler\4.1.79.Final\netty-handler-4.1.79.Final.jar;C:\WINDOWS\system32\config\systemprofile\.m2\repository\io\netty\netty-common\4.1.79.Final\netty-common-4.1.79.Final.jar;C:\WINDOWS\system32\config\systemprofile\.m2\repository\io\netty\netty-transport-classes-epoll\4.1.79.Final\netty-transport-classes-epoll-4.1.79.Final.jar;C:\WINDOWS\system32\config\systemprofile\.m2\repository\io\netty\netty-transport-classes-kqueue\4.1.79.Final\netty-transport-classes-kqueue-4.1.79.Final.jar;C:\WINDOWS\system32\config\systemprofile\.m2\repository\io\netty\netty-transport-native-epoll\4.1.79.Final\netty-transport-native-epoll-4.1.79.Final.jar;C:\WINDOWS\system32\config\systemprofile\.m2\repository\io\netty\netty-transport-native-kqueue\4.1.79.Final\netty-transport-native-kqueue-4.1.79.Final.jar;C:\WINDOWS\system32\config\systemprofile\.m2\repository\io\netty\netty-transport-native-unix-common\4.1.79.Final\netty-transport-native-unix-common-4.1.79.Final.jar;C:\WINDOWS\system32\config\systemprofile\.m2\repository\io\netty\netty-transport\4.1.79.Final\netty-transport-4.1.79.Final.jar;C:\WINDOWS\system32\config\systemprofile\.m2\repository\io\netty\netty-resolver\4.1.79.Final\netty-resolver-4.1.79.Final.jar;C:\WINDOWS\system32\config\systemprofile\.m2\repository\io\opentelemetry\opentelemetry-api\1.17.0\opentelemetry-api-1.17.0.jar;C:\WINDOWS\system32\config\systemprofile\.m2\repository\io\opentelemetry\opentelemetry-context\1.17.0\opentelemetry-context-1.17.0.jar;C:\WINDOWS\system32\config\systemprofile\.m2\repository\io\opentelemetry\opentelemetry-exporter-logging\1.17.0\opentelemetry-exporter-logging-1.17.0.jar;C:\WINDOWS\system32\config\systemprofile\.m2\repository\io\opentelemetry\opentelemetry-sdk-metrics\1.17.0\opentelemetry-sdk-metrics-1.17.0.jar;C:\WINDOWS\system32\config\systemprofile\.m2\repository\io\opentelemetry\opentelemetry-sdk-logs\1.17.0-alpha\opentelemetry-sdk-logs-1.17.0-alpha.jar;C:\WINDOWS\system32\config\systemprofile\.m2\repository\io\opentelemetry\opentelemetry-sdk-common\1.17.0\opentelemetry-sdk-common-1.17.0.jar;C:\WINDOWS\system32\config\systemprofile\.m2\repository\io\opentelemetry\opentelemetry-sdk-extension-autoconfigure-spi\1.17.0\opentelemetry-sdk-extension-autoconfigure-spi-1.17.0.jar;C:\WINDOWS\system32\config\systemprofile\.m2\repository\io\opentelemetry\opentelemetry-sdk-extension-autoconfigure\1.17.0-alpha\opentelemetry-sdk-extension-autoconfigure-1.17.0-alpha.jar;C:\WINDOWS\system32\config\systemprofile\.m2\repository\io\opentelemetry\opentelemetry-exporter-common\1.17.0\opentelemetry-exporter-common-1.17.0.jar;C:\WINDOWS\system32\config\systemprofile\.m2\repository\io\opentelemetry\opentelemetry-sdk-trace\1.17.0\opentelemetry-sdk-trace-1.17.0.jar;C:\WINDOWS\system32\config\systemprofile\.m2\repository\io\opentelemetry\opentelemetry-sdk\1.17.0\opentelemetry-sdk-1.17.0.jar;C:\WINDOWS\system32\config\systemprofile\.m2\repository\io\opentelemetry\opentelemetry-semconv\1.17.0-alpha\opentelemetry-semconv-1.17.0-alpha.jar;C:\WINDOWS\system32\config\systemprofile\.m2\repository\io\ous\jtoml\2.0.0\jtoml-2.0.0.jar;C:\WINDOWS\system32\config\systemprofile\.m2\repository\net\bytebuddy\byte-buddy\1.12.14\byte-buddy-1.12.14.jar;C:\WINDOWS\system32\config\systemprofile\.m2\repository\org\apache\commons\commons-exec\1.3\commons-exec-1.3.jar;C:\WINDOWS\system32\config\systemprofile\.m2\repository\org\asynchttpclient\async-http-client\2.12.3\async-http-client-2.12.3.jar;C:\WINDOWS\system32\config\systemprofile\.m2\repository\org\asynchttpclient\async-http-client-netty-utils\2.12.3\async-http-client-netty-utils-2.12.3.jar;C:\WINDOWS\system32\config\systemprofile\.m2\repository\io\netty\netty-codec-socks\4.1.60.Final\netty-codec-socks-4.1.60.Final.jar;C:\WINDOWS\system32\config\systemprofile\.m2\repository\io\netty\netty-handler-proxy\4.1.60.Final\netty-handler-proxy-4.1.60.Final.jar;C:\WINDOWS\system32\config\systemprofile\.m2\repository\io\netty\netty-transport-native-epoll\4.1.60.Final\netty-transport-native-epoll-4.1.60.Final-linux-x86_64.jar;C:\WINDOWS\system32\config\systemprofile\.m2\repository\io\netty\netty-transport-native-kqueue\4.1.60.Final\netty-transport-native-kqueue-4.1.60.Final-osx-x86_64.jar;C:\WINDOWS\system32\config\systemprofile\.m2\repository\org\reactivestreams\reactive-streams\1.0.3\reactive-streams-1.0.3.jar;C:\WINDOWS\system32\config\systemprofile\.m2\repository\com\typesafe\netty\netty-reactive-streams\2.0.4\netty-reactive-streams-2.0.4.jar;C:\WINDOWS\system32\config\systemprofile\.m2\repository\com\sun\activation\jakarta.activation\1.2.2\jakarta.activation-1.2.2.jar;C:\WINDOWS\system32\config\systemprofile\.m2\repository\org\seleniumhq\selenium\selenium-http\4.5.0\selenium-http-4.5.0.jar;C:\WINDOWS\system32\config\systemprofile\.m2\repository\dev\failsafe\failsafe\3.2.4\failsafe-3.2.4.jar;C:\WINDOWS\system32\config\systemprofile\.m2\repository\io\github\bonigarcia\webdrivermanager\5.7.0\webdrivermanager-5.7.0.jar;C:\WINDOWS\system32\config\systemprofile\.m2\repository\org\slf4j\slf4j-api\2.0.12\slf4j-api-2.0.12.jar;C:\WINDOWS\system32\config\systemprofile\.m2\repository\com\google\code\gson\gson\2.10.1\gson-2.10.1.jar;C:\WINDOWS\system32\config\systemprofile\.m2\repository\com\github\docker-java\docker-java\3.3.5\docker-java-3.3.5.jar;C:\WINDOWS\system32\config\systemprofile\.m2\repository\com\github\docker-java\docker-java-core\3.3.5\docker-java-core-3.3.5.jar;C:\WINDOWS\system32\config\systemprofile\.m2\repository\com\github\docker-java\docker-java-api\3.3.5\docker-java-api-3.3.5.jar;C:\WINDOWS\system32\config\systemprofile\.m2\repository\com\fasterxml\jackson\core\jackson-annotations\2.10.3\jackson-annotations-2.10.3.jar;C:\WINDOWS\system32\config\systemprofile\.m2\repository\com\fasterxml\jackson\core\jackson-databind\2.10.3\jackson-databind-2.10.3.jar;C:\WINDOWS\system32\config\systemprofile\.m2\repository\com\fasterxml\jackson\core\jackson-core\2.10.3\jackson-core-2.10.3.jar;C:\WINDOWS\system32\config\systemprofile\.m2\repository\org\bouncycastle\bcpkix-jdk18on\1.76\bcpkix-jdk18on-1.76.jar;C:\WINDOWS\system32\config\systemprofile\.m2\repository\org\bouncycastle\bcprov-jdk18on\1.76\bcprov-jdk18on-1.76.jar;C:\WINDOWS\system32\config\systemprofile\.m2\repository\org\bouncycastle\bcutil-jdk18on\1.76\bcutil-jdk18on-1.76.jar;C:\WINDOWS\system32\config\systemprofile\.m2\repository\org\slf4j\jcl-over-slf4j\1.7.30\jcl-over-slf4j-1.7.30.jar;C:\WINDOWS\system32\config\systemprofile\.m2\repository\com\github\docker-java\docker-java-transport-httpclient5\3.3.5\docker-java-transport-httpclient5-3.3.5.jar;C:\WINDOWS\system32\config\systemprofile\.m2\repository\com\github\docker-java\docker-java-transport\3.3.5\docker-java-transport-3.3.5.jar;C:\WINDOWS\system32\config\systemprofile\.m2\repository\net\java\dev\jna\jna\5.13.0\jna-5.13.0.jar;C:\WINDOWS\system32\config\systemprofile\.m2\repository\org\brotli\dec\0.1.2\dec-0.1.2.jar;C:\WINDOWS\system32\config\systemprofile\.m2\repository\org\apache\commons\commons-lang3\3.14.0\commons-lang3-3.14.0.jar;C:\WINDOWS\system32\config\systemprofile\.m2\repository\org\apache\commons\commons-compress\1.26.0\commons-compress-1.26.0.jar;C:\WINDOWS\system32\config\systemprofile\.m2\repository\org\apache\httpcomponents\client5\httpclient5\5.2.1\httpclient5-5.2.1.jar;C:\WINDOWS\system32\config\systemprofile\.m2\repository\org\apache\httpcomponents\core5\httpcore5\5.2\httpcore5-5.2.jar;C:\WINDOWS\system32\config\systemprofile\.m2\repository\org\apache\httpcomponents\core5\httpcore5-h2\5.2\httpcore5-h2-5.2.jar;C:\WINDOWS\system32\config\systemprofile\.m2\repository\org\seleniumhq\selenium\selenium-devtools-v113\4.9.1\selenium-devtools-v113-4.9.1.jar;C:\WINDOWS\system32\config\systemprofile\.m2\repository\org\seleniumhq\selenium\selenium-support\4.5.0\selenium-support-4.5.0.jar;C:\WINDOWS\system32\config\systemprofile\.m2\repository\org\seleniumhq\selenium\htmlunit-driver\4.5.0\htmlunit-driver-4.5.0.jar;C:\WINDOWS\system32\config\systemprofile\.m2\repository\net\sourceforge\htmlunit\htmlunit\2.65.1\htmlunit-2.65.1.jar;C:\WINDOWS\system32\config\systemprofile\.m2\repository\org\apache\httpcomponents\httpmime\4.5.13\httpmime-4.5.13.jar;C:\WINDOWS\system32\config\systemprofile\.m2\repository\org\apache\httpcomponents\httpclient\4.5.13\httpclient-4.5.13.jar;C:\WINDOWS\system32\config\systemprofile\.m2\repository\org\apache\httpcomponents\httpcore\4.4.13\httpcore-4.4.13.jar;C:\WINDOWS\system32\config\systemprofile\.m2\repository\net\sourceforge\htmlunit\htmlunit-core-js\2.65.0\htmlunit-core-js-2.65.0.jar;C:\WINDOWS\system32\config\systemprofile\.m2\repository\net\sourceforge\htmlunit\neko-htmlunit\2.65.0\neko-htmlunit-2.65.0.jar;C:\WINDOWS\system32\config\systemprofile\.m2\repository\xerces\xercesImpl\2.12.2\xercesImpl-2.12.2.jar;C:\WINDOWS\system32\config\systemprofile\.m2\repository\xml-apis\xml-apis\1.4.01\xml-apis-1.4.01.jar;C:\WINDOWS\system32\config\systemprofile\.m2\repository\net\sourceforge\htmlunit\htmlunit-cssparser\1.12.0\htmlunit-cssparser-1.12.0.jar;C:\WINDOWS\system32\config\systemprofile\.m2\repository\net\sourceforge\htmlunit\htmlunit-xpath\2.65.0\htmlunit-xpath-2.65.0.jar;C:\WINDOWS\system32\config\systemprofile\.m2\repository\org\apache\commons\commons-text\1.9\commons-text-1.9.jar;C:\WINDOWS\system32\config\systemprofile\.m2\repository\commons-logging\commons-logging\1.2\commons-logging-1.2.jar;C:\WINDOWS\system32\config\systemprofile\.m2\repository\commons-net\commons-net\3.8.0\commons-net-3.8.0.jar;C:\WINDOWS\system32\config\systemprofile\.m2\repository\commons-codec\commons-codec\1.15\commons-codec-1.15.jar;C:\WINDOWS\system32\config\systemprofile\.m2\repository\com\shapesecurity\salvation2\3.0.1\salvation2-3.0.1.jar;C:\WINDOWS\system32\config\systemprofile\.m2\repository\org\eclipse\jetty\websocket\websocket-client\9.4.49.v20220914\websocket-client-9.4.49.v20220914.jar;C:\WINDOWS\system32\config\systemprofile\.m2\repository\org\eclipse\jetty\jetty-client\9.4.49.v20220914\jetty-client-9.4.49.v20220914.jar;C:\WINDOWS\system32\config\systemprofile\.m2\repository\org\eclipse\jetty\jetty-http\9.4.49.v20220914\jetty-http-9.4.49.v20220914.jar;C:\WINDOWS\system32\config\systemprofile\.m2\repository\org\eclipse\jetty\jetty-util\9.4.49.v20220914\jetty-util-9.4.49.v20220914.jar;C:\WINDOWS\system32\config\systemprofile\.m2\repository\org\eclipse\jetty\jetty-io\9.4.49.v20220914\jetty-io-9.4.49.v20220914.jar;C:\WINDOWS\system32\config\systemprofile\.m2\repository\org\eclipse\jetty\websocket\websocket-common\9.4.49.v20220914\websocket-common-9.4.49.v20220914.jar;C:\WINDOWS\system32\config\systemprofile\.m2\repository\org\eclipse\jetty\websocket\websocket-api\9.4.49.v20220914\websocket-api-9.4.49.v20220914.jar;C:\WINDOWS\system32\config\systemprofile\.m2\repository\commons-io\commons-io\2.16.1\commons-io-2.16.1.jar;C:\WINDOWS\system32\config\systemprofile\.m2\repository\com\aventstack\extentreports\5.1.1\extentreports-5.1.1.jar;C:\WINDOWS\system32\config\systemprofile\.m2\repository\io\reactivex\rxjava3\rxjava\3.1.6\rxjava-3.1.6.jar;C:\WINDOWS\system32\config\systemprofile\.m2\repository\org\freemarker\freemarker\2.3.32\freemarker-2.3.32.jar;C:\WINDOWS\system32\config\systemprofile\.m2\repository\org\projectlombok\lombok\1.18.26\lombok-1.18.26.jar;C:\WINDOWS\system32\config\systemprofile\.m2\repository\com\sikulix\sikulixapi\2.0.5\sikulixapi-2.0.5.jar;C:\WINDOWS\system32\config\systemprofile\.m2\repository\org\python\jython-slim\2.7.2\jython-slim-2.7.2.jar;C:\WINDOWS\system32\config\systemprofile\.m2\repository\org\antlr\antlr\3.5.2\antlr-3.5.2.jar;C:\WINDOWS\system32\config\systemprofile\.m2\repository\org\antlr\ST4\4.0.8\ST4-4.0.8.jar;C:\WINDOWS\system32\config\systemprofile\.m2\repository\javax\servlet\javax.servlet-api\3.1.0\javax.servlet-api-3.1.0.jar;C:\WINDOWS\system32\config\systemprofile\.m2\repository\org\antlr\antlr-runtime\3.5.2\antlr-runtime-3.5.2.jar;C:\WINDOWS\system32\config\systemprofile\.m2\repository\org\bouncycastle\bcpkix-jdk15on\1.62\bcpkix-jdk15on-1.62.jar;C:\WINDOWS\system32\config\systemprofile\.m2\repository\org\bouncycastle\bcprov-jdk15on\1.62\bcprov-jdk15on-1.62.jar;C:\WINDOWS\system32\config\systemprofile\.m2\repository\org\ow2\asm\asm\7.1\asm-7.1.jar;C:\WINDOWS\system32\config\systemprofile\.m2\repository\org\ow2\asm\asm-commons\7.1\asm-commons-7.1.jar;C:\WINDOWS\system32\config\systemprofile\.m2\repository\org\ow2\asm\asm-tree\7.1\asm-tree-7.1.jar;C:\WINDOWS\system32\config\systemprofile\.m2\repository\org\ow2\asm\asm-analysis\7.1\asm-analysis-7.1.jar;C:\WINDOWS\system32\config\systemprofile\.m2\repository\org\ow2\asm\asm-util\7.1\asm-util-7.1.jar;C:\WINDOWS\system32\config\systemprofile\.m2\repository\com\ibm\icu\icu4j\59.1\icu4j-59.1.jar;C:\WINDOWS\system32\config\systemprofile\.m2\repository\com\carrotsearch\java-sizeof\0.0.5\java-sizeof-0.0.5.jar;C:\WINDOWS\system32\config\systemprofile\.m2\repository\com\github\jnr\jffi\1.2.20\jffi-1.2.20.jar;C:\WINDOWS\system32\config\systemprofile\.m2\repository\com\github\jnr\jnr-netdb\1.1.6\jnr-netdb-1.1.6.jar;C:\WINDOWS\system32\config\systemprofile\.m2\repository\com\github\jnr\jnr-ffi\2.1.10\jnr-ffi-2.1.10.jar;C:\WINDOWS\system32\config\systemprofile\.m2\repository\com\github\jnr\jffi\1.2.19\jffi-1.2.19-native.jar;C:\WINDOWS\system32\config\systemprofile\.m2\repository\com\github\jnr\jnr-a64asm\1.0.0\jnr-a64asm-1.0.0.jar;C:\WINDOWS\system32\config\systemprofile\.m2\repository\com\github\jnr\jnr-x86asm\1.0.2\jnr-x86asm-1.0.2.jar;C:\WINDOWS\system32\config\systemprofile\.m2\repository\com\github\jnr\jnr-posix\3.0.50\jnr-posix-3.0.50.jar;C:\WINDOWS\system32\config\systemprofile\.m2\repository\com\github\jnr\jnr-constants\0.9.12\jnr-constants-0.9.12.jar;C:\WINDOWS\system32\config\systemprofile\.m2\repository\jline\jline\2.14.5\jline-2.14.5.jar;C:\WINDOWS\system32\config\systemprofile\.m2\repository\org\apache\ant\ant\1.9.7\ant-1.9.7.jar;C:\WINDOWS\system32\config\systemprofile\.m2\repository\org\apache\ant\ant-launcher\1.9.7\ant-launcher-1.9.7.jar;C:\WINDOWS\system32\config\systemprofile\.m2\repository\com\sikulix\sikulix2tigervnc\1.1.4\sikulix2tigervnc-1.1.4.jar;C:\WINDOWS\system32\config\systemprofile\.m2\repository\org\openpnp\opencv\4.3.0-3\opencv-4.3.0-3.jar;C:\WINDOWS\system32\config\systemprofile\.m2\repository\commons-cli\commons-cli\1.4\commons-cli-1.4.jar;C:\WINDOWS\system32\config\systemprofile\.m2\repository\net\java\dev\jna\jna-platform\5.6.0\jna-platform-5.6.0.jar;C:\WINDOWS\system32\config\systemprofile\.m2\repository\net\oneandone\reflections8\reflections8\0.11.6\reflections8-0.11.6.jar;C:\WINDOWS\system32\config\systemprofile\.m2\repository\org\javassist\javassist\3.22.0-GA\javassist-3.22.0-GA.jar;C:\WINDOWS\system32\config\systemprofile\.m2\repository\net\sourceforge\tess4j\tess4j\4.5.4\tess4j-4.5.4.jar;C:\WINDOWS\system32\config\systemprofile\.m2\repository\com\github\jai-imageio\jai-imageio-core\1.4.0\jai-imageio-core-1.4.0.jar;C:\WINDOWS\system32\config\systemprofile\.m2\repository\org\ghost4j\ghost4j\1.0.1\ghost4j-1.0.1.jar;C:\WINDOWS\system32\config\systemprofile\.m2\repository\log4j\log4j\1.2.17\log4j-1.2.17.jar;C:\WINDOWS\system32\config\systemprofile\.m2\repository\commons-beanutils\commons-beanutils\1.9.2\commons-beanutils-1.9.2.jar;C:\WINDOWS\system32\config\systemprofile\.m2\repository\commons-collections\commons-collections\3.2.1\commons-collections-3.2.1.jar;C:\WINDOWS\system32\config\systemprofile\.m2\repository\org\apache\xmlgraphics\xmlgraphics-commons\1.4\xmlgraphics-commons-1.4.jar;C:\WINDOWS\system32\config\systemprofile\.m2\repository\com\lowagie\itext\2.1.7\itext-2.1.7.jar;C:\WINDOWS\system32\config\systemprofile\.m2\repository\org\apache\pdfbox\pdfbox\2.0.21\pdfbox-2.0.21.jar;C:\WINDOWS\system32\config\systemprofile\.m2\repository\org\apache\pdfbox\fontbox\2.0.21\fontbox-2.0.21.jar;C:\WINDOWS\system32\config\systemprofile\.m2\repository\org\apache\pdfbox\pdfbox-tools\2.0.21\pdfbox-tools-2.0.21.jar;C:\WINDOWS\system32\config\systemprofile\.m2\repository\org\apache\pdfbox\pdfbox-debugger\2.0.21\pdfbox-debugger-2.0.21.jar;C:\WINDOWS\system32\config\systemprofile\.m2\repository\org\apache\pdfbox\jbig2-imageio\3.0.3\jbig2-imageio-3.0.3.jar;C:\WINDOWS\system32\config\systemprofile\.m2\repository\net\sourceforge\lept4j\lept4j\1.13.2\lept4j-1.13.2.jar;C:\WINDOWS\system32\config\systemprofile\.m2\repository\org\jboss\jboss-vfs\3.2.15.Final\jboss-vfs-3.2.15.Final.jar;C:\WINDOWS\system32\config\systemprofile\.m2\repository\org\jboss\logging\jboss-logging\3.1.4.GA\jboss-logging-3.1.4.GA.jar;C:\WINDOWS\system32\config\systemprofile\.m2\repository\org\slf4j\slf4j-nop\1.7.28\slf4j-nop-1.7.28.jar;C:\WINDOWS\system32\config\systemprofile\.m2\repository\net\sf\py4j\py4j\0.10.9.1\py4j-0.10.9.1.jar;C:\WINDOWS\system32\config\systemprofile\.m2\repository\org\testng\testng\7.10.2\testng-7.10.2.jar;C:\WINDOWS\system32\config\systemprofile\.m2\repository\org\webjars\jquery\3.7.1\jquery-3.7.1.jar;C:\WINDOWS\system32\config\systemprofile\.m2\repository\org\apache\poi\poi-ooxml\5.2.2\poi-ooxml-5.2.2.jar;C:\WINDOWS\system32\config\systemprofile\.m2\repository\org\apache\poi\poi\5.2.2\poi-5.2.2.jar;C:\WINDOWS\system32\config\systemprofile\.m2\repository\org\apache\commons\commons-math3\3.6.1\commons-math3-3.6.1.jar;C:\WINDOWS\system32\config\systemprofile\.m2\repository\com\zaxxer\SparseBitSet\1.2\SparseBitSet-1.2.jar;C:\WINDOWS\system32\config\systemprofile\.m2\repository\org\apache\poi\poi-ooxml-lite\5.2.2\poi-ooxml-lite-5.2.2.jar;C:\WINDOWS\system32\config\systemprofile\.m2\repository\org\apache\xmlbeans\xmlbeans\5.0.3\xmlbeans-5.0.3.jar;C:\WINDOWS\system32\config\systemprofile\.m2\repository\com\github\virtuald\curvesapi\1.07\curvesapi-1.07.jar;C:\WINDOWS\system32\config\systemprofile\.m2\repository\org\apache\logging\log4j\log4j-api\2.17.2\log4j-api-2.17.2.jar;C:\WINDOWS\system32\config\systemprofile\.m2\repository\org\apache\commons\commons-collections4\4.4\commons-collections4-4.4.jar;C:\WINDOWS\system32\config\systemprofile\.m2\repository\org\slf4j\slf4j-simple\2.0.13\slf4j-simple-2.0.13.jar;C:\WINDOWS\system32\config\systemprofile\.m2\repository\org\apache\logging\log4j\log4j-slf4j-impl\2.23.1\log4j-slf4j-impl-2.23.1.jar;C:\WINDOWS\system32\config\systemprofile\.m2\repository\org\apache\logging\log4j\log4j-core\2.23.1\log4j-core-2.23.1.jar;"/>
    <property name="sun.cpu.endian" value="little"/>
    <property name="user.home" value="C:\WINDOWS\system32\config\systemprofile"/>
    <property name="user.language" value="en"/>
    <property name="java.specification.vendor" value="Oracle Corporation"/>
    <property name="java.version.date" value="2022-10-18"/>
    <property name="java.home" value="C:\Program Files\Java\jdk-11.0.17"/>
    <property name="file.separator" value="\"/>
    <property name="basedir" value="C:\Users\offic\eclipse-workspace\HDFC_Banking_Application"/>
    <property name="java.vm.compressedOopsMode" value="32-bit"/>
    <property name="line.separator" value="&#10;"/>
    <property name="java.specification.name" value="Java Platform API Specification"/>
    <property name="java.vm.specification.vendor" value="Oracle Corporation"/>
    <property name="java.awt.graphicsenv" value="sun.awt.Win32GraphicsEnvironment"/>
    <property name="surefire.real.class.path" value="C:\Windows\Temp\surefire10166596622790908145\surefirebooter-20240802145554637_3.jar"/>
    <property name="user.script" value=""/>
    <property name="sun.management.compiler" value="HotSpot 64-Bit Tiered Compilers"/>
    <property name="java.runtime.version" value="11.0.17+10-LTS-269"/>
    <property name="user.name" value="FAIZANAHMAD$"/>
    <property name="path.separator" value=";"/>
    <property name="os.version" value="10.0"/>
    <property name="java.runtime.name" value="Java(TM) SE Runtime Environment"/>
    <property name="file.encoding" value="Cp1252"/>
    <property name="browser" value="firefox"/>
    <property name="java.vm.name" value="Java HotSpot(TM) 64-Bit Server VM"/>
    <property name="java.vendor.version" value="18.9"/>
    <property name="localRepository" value="C:\WINDOWS\system32\config\systemprofile\.m2\repository"/>
    <property name="java.vendor.url.bug" value="https://bugreport.java.com/bugreport/"/>
    <property name="java.io.tmpdir" value="C:\WINDOWS\TEMP\"/>
    <property name="java.version" value="11.0.17"/>
    <property name="user.dir" value="C:\Users\offic\eclipse-workspace\HDFC_Banking_Application"/>
    <property name="os.arch" value="amd64"/>
    <property name="java.vm.specification.name" value="Java Virtual Machine Specification"/>
    <property name="java.awt.printerjob" value="sun.awt.windows.WPrinterJob"/>
    <property name="sun.os.patch.level" value=""/>
    <property name="java.library.path" value="C:\Program Files\Java\jdk-11.0.17\bin;C:\WINDOWS\Sun\Java\bin;C:\WINDOWS\system32;C:\WINDOWS;C:\WINDOWS\system32;C:\WINDOWS;C:\WINDOWS\System32\Wbem;C:\WINDOWS\System32\WindowsPowerShell\v1.0\;C:\WINDOWS\System32\OpenSSH\;C:\Program Files\Java\jdk-11.0.17\bin;C:\Program Files\Git\cmd;C:\apache-maven-3.8.6-bin\apache-maven-3.8.6\bin;C:\Program Files\nodejs\;C:\WINDOWS\system32\config\systemprofile\AppData\Local\Microsoft\WindowsApps;."/>
    <property name="java.vendor" value="Oracle Corporation"/>
    <property name="java.vm.info" value="mixed mode"/>
    <property name="java.vm.version" value="11.0.17+10-LTS-269"/>
    <property name="sun.io.unicode.encoding" value="UnicodeLittle"/>
    <property name="java.class.version" value="55.0"/>
  </properties>
  <testcase name="agri" classname="com.testng.hdfc.Agri" time="1.763">
    <system-err><![CDATA[Starting ChromeDriver 127.0.6533.72 (9755e24ca85aa18ffa16c743f660a3d914902775-refs/branch-heads/6533@{#1760}) on port 50928
Only local connections are allowed.
Please see https://chromedriver.chromium.org/security-considerations for suggestions on keeping ChromeDriver safe.
ChromeDriver was started successfully.
Aug 02, 2024 2:56:08 PM org.openqa.selenium.remote.ProtocolHandshake createSession
INFO: Detected upstream dialect: W3C
Aug 02, 2024 2:56:08 PM org.openqa.selenium.devtools.CdpVersionFinder findNearestMatch
WARNING: Unable to find an exact match for CDP version 127, so returning the closest version found: a no-op implementation
Aug 02, 2024 2:56:08 PM org.openqa.selenium.devtools.CdpVersionFinder findNearestMatch
INFO: Unable to find CDP implementation matching 127.
Aug 02, 2024 2:56:08 PM org.openqa.selenium.chromium.ChromiumDriver lambda$new$3
WARNING: Unable to find version of CDP to use for . You may need to include a dependency on a specific version of the CDP using something similar to `org.seleniumhq.selenium:selenium-devtools-v86:4.5.0` where the version ("v86") matches the version of the chromium-based browser you're using and the version number of the artifact is the same as Selenium's.
]]></system-err>
  </testcase>
  <testcase name="close" classname="com.testng.hdfc.CreditCardPortal" time="2.142">
    <system-err><![CDATA[Starting ChromeDriver 127.0.6533.72 (9755e24ca85aa18ffa16c743f660a3d914902775-refs/branch-heads/6533@{#1760}) on port 61930
Only local connections are allowed.
Please see https://chromedriver.chromium.org/security-considerations for suggestions on keeping ChromeDriver safe.
ChromeDriver was started successfully.
Aug 02, 2024 2:56:14 PM org.openqa.selenium.remote.ProtocolHandshake createSession
INFO: Detected upstream dialect: W3C
Aug 02, 2024 2:56:15 PM org.openqa.selenium.devtools.CdpVersionFinder findNearestMatch
WARNING: Unable to find an exact match for CDP version 127, so returning the closest version found: a no-op implementation
Aug 02, 2024 2:56:15 PM org.openqa.selenium.devtools.CdpVersionFinder findNearestMatch
INFO: Unable to find CDP implementation matching 127.
Aug 02, 2024 2:56:15 PM org.openqa.selenium.chromium.ChromiumDriver lambda$new$3
WARNING: Unable to find version of CDP to use for . You may need to include a dependency on a specific version of the CDP using something similar to `org.seleniumhq.selenium:selenium-devtools-v86:4.5.0` where the version ("v86") matches the version of the chromium-based browser you're using and the version number of the artifact is the same as Selenium's.
]]></system-err>
  </testcase>
  <testcase name="creditcardPortal" classname="com.testng.hdfc.CreditCardPortal" time="3.207">
    <system-err><![CDATA[Starting ChromeDriver 127.0.6533.72 (9755e24ca85aa18ffa16c743f660a3d914902775-refs/branch-heads/6533@{#1760}) on port 53381
Only local connections are allowed.
Please see https://chromedriver.chromium.org/security-considerations for suggestions on keeping ChromeDriver safe.
ChromeDriver was started successfully.
Aug 02, 2024 2:56:20 PM org.openqa.selenium.remote.ProtocolHandshake createSession
INFO: Detected upstream dialect: W3C
Aug 02, 2024 2:56:20 PM org.openqa.selenium.devtools.CdpVersionFinder findNearestMatch
WARNING: Unable to find an exact match for CDP version 127, so returning the closest version found: a no-op implementation
Aug 02, 2024 2:56:20 PM org.openqa.selenium.devtools.CdpVersionFinder findNearestMatch
INFO: Unable to find CDP implementation matching 127.
Aug 02, 2024 2:56:20 PM org.openqa.selenium.chromium.ChromiumDriver lambda$new$3
WARNING: Unable to find version of CDP to use for . You may need to include a dependency on a specific version of the CDP using something similar to `org.seleniumhq.selenium:selenium-devtools-v86:4.5.0` where the version ("v86") matches the version of the chromium-based browser you're using and the version number of the artifact is the same as Selenium's.
]]></system-err>
  </testcase>
  <testcase name="close" classname="com.testng.hdfc.Hdfchoverclass" time="2.149">
    <system-err><![CDATA[Starting ChromeDriver 127.0.6533.72 (9755e24ca85aa18ffa16c743f660a3d914902775-refs/branch-heads/6533@{#1760}) on port 49806
Only local connections are allowed.
Please see https://chromedriver.chromium.org/security-considerations for suggestions on keeping ChromeDriver safe.
ChromeDriver was started successfully.
Aug 02, 2024 2:56:27 PM org.openqa.selenium.remote.ProtocolHandshake createSession
INFO: Detected upstream dialect: W3C
Aug 02, 2024 2:56:27 PM org.openqa.selenium.devtools.CdpVersionFinder findNearestMatch
WARNING: Unable to find an exact match for CDP version 127, so returning the closest version found: a no-op implementation
Aug 02, 2024 2:56:27 PM org.openqa.selenium.devtools.CdpVersionFinder findNearestMatch
INFO: Unable to find CDP implementation matching 127.
Aug 02, 2024 2:56:27 PM org.openqa.selenium.chromium.ChromiumDriver lambda$new$3
WARNING: Unable to find version of CDP to use for . You may need to include a dependency on a specific version of the CDP using something similar to `org.seleniumhq.selenium:selenium-devtools-v86:4.5.0` where the version ("v86") matches the version of the chromium-based browser you're using and the version number of the artifact is the same as Selenium's.
]]></system-err>
  </testcase>
  <testcase name="hdfchover" classname="com.testng.hdfc.Hdfchoverclass" time="0.715">
    <system-err><![CDATA[Starting ChromeDriver 127.0.6533.72 (9755e24ca85aa18ffa16c743f660a3d914902775-refs/branch-heads/6533@{#1760}) on port 61690
Only local connections are allowed.
Please see https://chromedriver.chromium.org/security-considerations for suggestions on keeping ChromeDriver safe.
ChromeDriver was started successfully.
Aug 02, 2024 2:56:33 PM org.openqa.selenium.remote.ProtocolHandshake createSession
INFO: Detected upstream dialect: W3C
Aug 02, 2024 2:56:33 PM org.openqa.selenium.devtools.CdpVersionFinder findNearestMatch
WARNING: Unable to find an exact match for CDP version 127, so returning the closest version found: a no-op implementation
Aug 02, 2024 2:56:33 PM org.openqa.selenium.devtools.CdpVersionFinder findNearestMatch
INFO: Unable to find CDP implementation matching 127.
Aug 02, 2024 2:56:33 PM org.openqa.selenium.chromium.ChromiumDriver lambda$new$3
WARNING: Unable to find version of CDP to use for . You may need to include a dependency on a specific version of the CDP using something similar to `org.seleniumhq.selenium:selenium-devtools-v86:4.5.0` where the version ("v86") matches the version of the chromium-based browser you're using and the version number of the artifact is the same as Selenium's.
]]></system-err>
  </testcase>
  <testcase name="close" classname="com.testng.hdfc.HdfcLimited" time="3.588">
    <system-err><![CDATA[Starting ChromeDriver 127.0.6533.72 (9755e24ca85aa18ffa16c743f660a3d914902775-refs/branch-heads/6533@{#1760}) on port 51812
Only local connections are allowed.
Please see https://chromedriver.chromium.org/security-considerations for suggestions on keeping ChromeDriver safe.
ChromeDriver was started successfully.
Aug 02, 2024 2:56:39 PM org.openqa.selenium.remote.ProtocolHandshake createSession
INFO: Detected upstream dialect: W3C
Aug 02, 2024 2:56:39 PM org.openqa.selenium.devtools.CdpVersionFinder findNearestMatch
WARNING: Unable to find an exact match for CDP version 127, so returning the closest version found: a no-op implementation
Aug 02, 2024 2:56:39 PM org.openqa.selenium.devtools.CdpVersionFinder findNearestMatch
INFO: Unable to find CDP implementation matching 127.
Aug 02, 2024 2:56:39 PM org.openqa.selenium.chromium.ChromiumDriver lambda$new$3
WARNING: Unable to find version of CDP to use for . You may need to include a dependency on a specific version of the CDP using something similar to `org.seleniumhq.selenium:selenium-devtools-v86:4.5.0` where the version ("v86") matches the version of the chromium-based browser you're using and the version number of the artifact is the same as Selenium's.
]]></system-err>
  </testcase>
  <testcase name="loansPortal" classname="com.testng.hdfc.HdfcLimited" time="4.417">
    <system-err><![CDATA[Starting ChromeDriver 127.0.6533.72 (9755e24ca85aa18ffa16c743f660a3d914902775-refs/branch-heads/6533@{#1760}) on port 64950
Only local connections are allowed.
Please see https://chromedriver.chromium.org/security-considerations for suggestions on keeping ChromeDriver safe.
ChromeDriver was started successfully.
Aug 02, 2024 2:56:44 PM org.openqa.selenium.remote.ProtocolHandshake createSession
INFO: Detected upstream dialect: W3C
Aug 02, 2024 2:56:44 PM org.openqa.selenium.devtools.CdpVersionFinder findNearestMatch
WARNING: Unable to find an exact match for CDP version 127, so returning the closest version found: a no-op implementation
Aug 02, 2024 2:56:44 PM org.openqa.selenium.devtools.CdpVersionFinder findNearestMatch
INFO: Unable to find CDP implementation matching 127.
Aug 02, 2024 2:56:44 PM org.openqa.selenium.chromium.ChromiumDriver lambda$new$3
WARNING: Unable to find version of CDP to use for . You may need to include a dependency on a specific version of the CDP using something similar to `org.seleniumhq.selenium:selenium-devtools-v86:4.5.0` where the version ("v86") matches the version of the chromium-based browser you're using and the version number of the artifact is the same as Selenium's.
]]></system-err>
  </testcase>
  <testcase name="close" classname="com.testng.hdfc.Loansportal" time="2.136">
    <system-err><![CDATA[Starting ChromeDriver 127.0.6533.72 (9755e24ca85aa18ffa16c743f660a3d914902775-refs/branch-heads/6533@{#1760}) on port 62552
Only local connections are allowed.
Please see https://chromedriver.chromium.org/security-considerations for suggestions on keeping ChromeDriver safe.
ChromeDriver was started successfully.
Aug 02, 2024 2:56:55 PM org.openqa.selenium.remote.ProtocolHandshake createSession
INFO: Detected upstream dialect: W3C
Aug 02, 2024 2:56:55 PM org.openqa.selenium.devtools.CdpVersionFinder findNearestMatch
WARNING: Unable to find an exact match for CDP version 127, so returning the closest version found: a no-op implementation
Aug 02, 2024 2:56:55 PM org.openqa.selenium.devtools.CdpVersionFinder findNearestMatch
INFO: Unable to find CDP implementation matching 127.
Aug 02, 2024 2:56:55 PM org.openqa.selenium.chromium.ChromiumDriver lambda$new$3
WARNING: Unable to find version of CDP to use for . You may need to include a dependency on a specific version of the CDP using something similar to `org.seleniumhq.selenium:selenium-devtools-v86:4.5.0` where the version ("v86") matches the version of the chromium-based browser you're using and the version number of the artifact is the same as Selenium's.
]]></system-err>
  </testcase>
  <testcase name="loansPortal" classname="com.testng.hdfc.Loansportal" time="18.543">
    <system-err><![CDATA[Starting ChromeDriver 127.0.6533.72 (9755e24ca85aa18ffa16c743f660a3d914902775-refs/branch-heads/6533@{#1760}) on port 55564
Only local connections are allowed.
Please see https://chromedriver.chromium.org/security-considerations for suggestions on keeping ChromeDriver safe.
ChromeDriver was started successfully.
Aug 02, 2024 2:57:05 PM org.openqa.selenium.remote.ProtocolHandshake createSession
INFO: Detected upstream dialect: W3C
Aug 02, 2024 2:57:05 PM org.openqa.selenium.devtools.CdpVersionFinder findNearestMatch
WARNING: Unable to find an exact match for CDP version 127, so returning the closest version found: a no-op implementation
Aug 02, 2024 2:57:05 PM org.openqa.selenium.devtools.CdpVersionFinder findNearestMatch
INFO: Unable to find CDP implementation matching 127.
Aug 02, 2024 2:57:05 PM org.openqa.selenium.chromium.ChromiumDriver lambda$new$3
WARNING: Unable to find version of CDP to use for . You may need to include a dependency on a specific version of the CDP using something similar to `org.seleniumhq.selenium:selenium-devtools-v86:4.5.0` where the version ("v86") matches the version of the chromium-based browser you're using and the version number of the artifact is the same as Selenium's.
]]></system-err>
  </testcase>
  <testcase name="nri" classname="com.testng.hdfc.NRI" time="2.001">
    <system-err><![CDATA[Starting ChromeDriver 127.0.6533.72 (9755e24ca85aa18ffa16c743f660a3d914902775-refs/branch-heads/6533@{#1760}) on port 53510
Only local connections are allowed.
Please see https://chromedriver.chromium.org/security-considerations for suggestions on keeping ChromeDriver safe.
ChromeDriver was started successfully.
Aug 02, 2024 2:57:29 PM org.openqa.selenium.remote.ProtocolHandshake createSession
INFO: Detected upstream dialect: W3C
Aug 02, 2024 2:57:29 PM org.openqa.selenium.devtools.CdpVersionFinder findNearestMatch
WARNING: Unable to find an exact match for CDP version 127, so returning the closest version found: a no-op implementation
Aug 02, 2024 2:57:29 PM org.openqa.selenium.devtools.CdpVersionFinder findNearestMatch
INFO: Unable to find CDP implementation matching 127.
Aug 02, 2024 2:57:29 PM org.openqa.selenium.chromium.ChromiumDriver lambda$new$3
WARNING: Unable to find version of CDP to use for . You may need to include a dependency on a specific version of the CDP using something similar to `org.seleniumhq.selenium:selenium-devtools-v86:4.5.0` where the version ("v86") matches the version of the chromium-based browser you're using and the version number of the artifact is the same as Selenium's.
]]></system-err>
  </testcase>
  <testcase name="personal" classname="com.testng.hdfc.Personal" time="1.907">
    <system-err><![CDATA[Starting ChromeDriver 127.0.6533.72 (9755e24ca85aa18ffa16c743f660a3d914902775-refs/branch-heads/6533@{#1760}) on port 63485
Only local connections are allowed.
Please see https://chromedriver.chromium.org/security-considerations for suggestions on keeping ChromeDriver safe.
ChromeDriver was started successfully.
Aug 02, 2024 2:57:36 PM org.openqa.selenium.remote.ProtocolHandshake createSession
INFO: Detected upstream dialect: W3C
Aug 02, 2024 2:57:36 PM org.openqa.selenium.devtools.CdpVersionFinder findNearestMatch
WARNING: Unable to find an exact match for CDP version 127, so returning the closest version found: a no-op implementation
Aug 02, 2024 2:57:36 PM org.openqa.selenium.devtools.CdpVersionFinder findNearestMatch
INFO: Unable to find CDP implementation matching 127.
Aug 02, 2024 2:57:36 PM org.openqa.selenium.chromium.ChromiumDriver lambda$new$3
WARNING: Unable to find version of CDP to use for . You may need to include a dependency on a specific version of the CDP using something similar to `org.seleniumhq.selenium:selenium-devtools-v86:4.5.0` where the version ("v86") matches the version of the chromium-based browser you're using and the version number of the artifact is the same as Selenium's.
]]></system-err>
  </testcase>
  <testcase name="loans" classname="com.testng.hdfc.Selectproduct" time="4.098">
    <system-err><![CDATA[Starting ChromeDriver 127.0.6533.72 (9755e24ca85aa18ffa16c743f660a3d914902775-refs/branch-heads/6533@{#1760}) on port 58213
Only local connections are allowed.
Please see https://chromedriver.chromium.org/security-considerations for suggestions on keeping ChromeDriver safe.
ChromeDriver was started successfully.
Aug 02, 2024 2:57:44 PM org.openqa.selenium.remote.ProtocolHandshake createSession
INFO: Detected upstream dialect: W3C
Aug 02, 2024 2:57:44 PM org.openqa.selenium.devtools.CdpVersionFinder findNearestMatch
WARNING: Unable to find an exact match for CDP version 127, so returning the closest version found: a no-op implementation
Aug 02, 2024 2:57:44 PM org.openqa.selenium.devtools.CdpVersionFinder findNearestMatch
INFO: Unable to find CDP implementation matching 127.
Aug 02, 2024 2:57:44 PM org.openqa.selenium.chromium.ChromiumDriver lambda$new$3
WARNING: Unable to find version of CDP to use for . You may need to include a dependency on a specific version of the CDP using something similar to `org.seleniumhq.selenium:selenium-devtools-v86:4.5.0` where the version ("v86") matches the version of the chromium-based browser you're using and the version number of the artifact is the same as Selenium's.
]]></system-err>
  </testcase>
  <testcase name="creditCards" classname="com.testng.hdfc.Selectproducttype1" time="0.682">
    <system-err><![CDATA[Starting ChromeDriver 127.0.6533.72 (9755e24ca85aa18ffa16c743f660a3d914902775-refs/branch-heads/6533@{#1760}) on port 64419
Only local connections are allowed.
Please see https://chromedriver.chromium.org/security-considerations for suggestions on keeping ChromeDriver safe.
ChromeDriver was started successfully.
Aug 02, 2024 2:57:56 PM org.openqa.selenium.remote.ProtocolHandshake createSession
INFO: Detected upstream dialect: W3C
Aug 02, 2024 2:57:56 PM org.openqa.selenium.devtools.CdpVersionFinder findNearestMatch
WARNING: Unable to find an exact match for CDP version 127, so returning the closest version found: a no-op implementation
Aug 02, 2024 2:57:56 PM org.openqa.selenium.devtools.CdpVersionFinder findNearestMatch
INFO: Unable to find CDP implementation matching 127.
Aug 02, 2024 2:57:56 PM org.openqa.selenium.chromium.ChromiumDriver lambda$new$3
WARNING: Unable to find version of CDP to use for . You may need to include a dependency on a specific version of the CDP using something similar to `org.seleniumhq.selenium:selenium-devtools-v86:4.5.0` where the version ("v86") matches the version of the chromium-based browser you're using and the version number of the artifact is the same as Selenium's.
]]></system-err>
  </testcase>
  <testcase name="deposits" classname="com.testng.hdfc.Selectproducttype1" time="0.595">
    <system-err><![CDATA[Starting ChromeDriver 127.0.6533.72 (9755e24ca85aa18ffa16c743f660a3d914902775-refs/branch-heads/6533@{#1760}) on port 62000
Only local connections are allowed.
Please see https://chromedriver.chromium.org/security-considerations for suggestions on keeping ChromeDriver safe.
ChromeDriver was started successfully.
Aug 02, 2024 2:58:32 PM org.openqa.selenium.remote.ProtocolHandshake createSession
INFO: Detected upstream dialect: W3C
Aug 02, 2024 2:58:32 PM org.openqa.selenium.devtools.CdpVersionFinder findNearestMatch
WARNING: Unable to find an exact match for CDP version 127, so returning the closest version found: a no-op implementation
Aug 02, 2024 2:58:32 PM org.openqa.selenium.devtools.CdpVersionFinder findNearestMatch
INFO: Unable to find CDP implementation matching 127.
Aug 02, 2024 2:58:32 PM org.openqa.selenium.chromium.ChromiumDriver lambda$new$3
WARNING: Unable to find version of CDP to use for . You may need to include a dependency on a specific version of the CDP using something similar to `org.seleniumhq.selenium:selenium-devtools-v86:4.5.0` where the version ("v86") matches the version of the chromium-based browser you're using and the version number of the artifact is the same as Selenium's.
]]></system-err>
  </testcase>
  <testcase name="dropdown" classname="com.testng.hdfc.Selectproducttype1" time="0.121">
    <system-err><![CDATA[Starting ChromeDriver 127.0.6533.72 (9755e24ca85aa18ffa16c743f660a3d914902775-refs/branch-heads/6533@{#1760}) on port 62011
Only local connections are allowed.
Please see https://chromedriver.chromium.org/security-considerations for suggestions on keeping ChromeDriver safe.
ChromeDriver was started successfully.
Aug 02, 2024 2:58:39 PM org.openqa.selenium.remote.ProtocolHandshake createSession
INFO: Detected upstream dialect: W3C
Aug 02, 2024 2:58:39 PM org.openqa.selenium.devtools.CdpVersionFinder findNearestMatch
WARNING: Unable to find an exact match for CDP version 127, so returning the closest version found: a no-op implementation
Aug 02, 2024 2:58:39 PM org.openqa.selenium.devtools.CdpVersionFinder findNearestMatch
INFO: Unable to find CDP implementation matching 127.
Aug 02, 2024 2:58:39 PM org.openqa.selenium.chromium.ChromiumDriver lambda$new$3
WARNING: Unable to find version of CDP to use for . You may need to include a dependency on a specific version of the CDP using something similar to `org.seleniumhq.selenium:selenium-devtools-v86:4.5.0` where the version ("v86") matches the version of the chromium-based browser you're using and the version number of the artifact is the same as Selenium's.
]]></system-err>
  </testcase>
  <testcase name="invest" classname="com.testng.hdfc.Selectproducttype1" time="0.408">
    <system-err><![CDATA[Starting ChromeDriver 127.0.6533.72 (9755e24ca85aa18ffa16c743f660a3d914902775-refs/branch-heads/6533@{#1760}) on port 62171
Only local connections are allowed.
Please see https://chromedriver.chromium.org/security-considerations for suggestions on keeping ChromeDriver safe.
ChromeDriver was started successfully.
Aug 02, 2024 2:58:51 PM org.openqa.selenium.remote.ProtocolHandshake createSession
INFO: Detected upstream dialect: W3C
Aug 02, 2024 2:58:51 PM org.openqa.selenium.devtools.CdpVersionFinder findNearestMatch
WARNING: Unable to find an exact match for CDP version 127, so returning the closest version found: a no-op implementation
Aug 02, 2024 2:58:51 PM org.openqa.selenium.devtools.CdpVersionFinder findNearestMatch
INFO: Unable to find CDP implementation matching 127.
Aug 02, 2024 2:58:51 PM org.openqa.selenium.chromium.ChromiumDriver lambda$new$3
WARNING: Unable to find version of CDP to use for . You may need to include a dependency on a specific version of the CDP using something similar to `org.seleniumhq.selenium:selenium-devtools-v86:4.5.0` where the version ("v86") matches the version of the chromium-based browser you're using and the version number of the artifact is the same as Selenium's.
]]></system-err>
  </testcase>
  <testcase name="sme" classname="com.testng.hdfc.SME" time="4.546">
    <system-err><![CDATA[Starting ChromeDriver 127.0.6533.72 (9755e24ca85aa18ffa16c743f660a3d914902775-refs/branch-heads/6533@{#1760}) on port 63052
Only local connections are allowed.
Please see https://chromedriver.chromium.org/security-considerations for suggestions on keeping ChromeDriver safe.
ChromeDriver was started successfully.
Aug 02, 2024 2:58:57 PM org.openqa.selenium.remote.ProtocolHandshake createSession
INFO: Detected upstream dialect: W3C
Aug 02, 2024 2:58:57 PM org.openqa.selenium.devtools.CdpVersionFinder findNearestMatch
WARNING: Unable to find an exact match for CDP version 127, so returning the closest version found: a no-op implementation
Aug 02, 2024 2:58:57 PM org.openqa.selenium.devtools.CdpVersionFinder findNearestMatch
INFO: Unable to find CDP implementation matching 127.
Aug 02, 2024 2:58:57 PM org.openqa.selenium.chromium.ChromiumDriver lambda$new$3
WARNING: Unable to find version of CDP to use for . You may need to include a dependency on a specific version of the CDP using something similar to `org.seleniumhq.selenium:selenium-devtools-v86:4.5.0` where the version ("v86") matches the version of the chromium-based browser you're using and the version number of the artifact is the same as Selenium's.
]]></system-err>
  </testcase>
  <testcase name="wholeSale" classname="com.testng.hdfc.WholeSale" time="2.193">
    <system-err><![CDATA[Starting ChromeDriver 127.0.6533.72 (9755e24ca85aa18ffa16c743f660a3d914902775-refs/branch-heads/6533@{#1760}) on port 56631
Only local connections are allowed.
Please see https://chromedriver.chromium.org/security-considerations for suggestions on keeping ChromeDriver safe.
ChromeDriver was started successfully.
Aug 02, 2024 2:59:07 PM org.openqa.selenium.remote.ProtocolHandshake createSession
INFO: Detected upstream dialect: W3C
Aug 02, 2024 2:59:07 PM org.openqa.selenium.devtools.CdpVersionFinder findNearestMatch
WARNING: Unable to find an exact match for CDP version 127, so returning the closest version found: a no-op implementation
Aug 02, 2024 2:59:07 PM org.openqa.selenium.devtools.CdpVersionFinder findNearestMatch
INFO: Unable to find CDP implementation matching 127.
Aug 02, 2024 2:59:07 PM org.openqa.selenium.chromium.ChromiumDriver lambda$new$3
WARNING: Unable to find version of CDP to use for . You may need to include a dependency on a specific version of the CDP using something similar to `org.seleniumhq.selenium:selenium-devtools-v86:4.5.0` where the version ("v86") matches the version of the chromium-based browser you're using and the version number of the artifact is the same as Selenium's.
]]></system-err>
  </testcase>
</testsuite>