<?xml version="1.0" encoding="UTF-8"?>
<!-- Generated by org.testng.reporters.JUnitReportReporter -->
<testsuite hostname="FaizanAhmad" failures="0" tests="2" name="com.testng.hdfc.Hdfchoverclass" time="11.415" errors="0" timestamp="2024-08-02T14:59:14 IST" skipped="0">
  <testcase classname="com.testng.hdfc.Hdfchoverclass" name="close" time="5.655"/>
  <testcase classname="com.testng.hdfc.Hdfchoverclass" name="hdfchover" time="5.760"/>
</testsuite> <!-- com.testng.hdfc.Hdfchoverclass -->
