<?xml version="1.0" encoding="UTF-8"?>
<!-- Generated by org.testng.reporters.JUnitReportReporter -->
<testsuite hostname="FaizanAhmad" failures="0" tests="2" name="com.testng.hdfc.HdfcLimited" time="14.623" errors="0" timestamp="2024-08-02T14:59:14 IST" skipped="0">
  <testcase classname="com.testng.hdfc.HdfcLimited" name="loansPortal" time="9.419"/>
  <testcase classname="com.testng.hdfc.HdfcLimited" name="close" time="5.204"/>
</testsuite> <!-- com.testng.hdfc.HdfcLimited -->
