<?xml version="1.0" encoding="UTF-8"?>
<!-- Generated by org.testng.reporters.JUnitReportReporter -->
<testsuite hostname="FaizanAhmad" failures="0" tests="2" name="com.testng.hdfc.CreditCardPortal" time="12.595" errors="0" timestamp="2024-08-02T14:59:14 IST" skipped="0">
  <testcase classname="com.testng.hdfc.CreditCardPortal" name="close" time="5.976"/>
  <testcase classname="com.testng.hdfc.CreditCardPortal" name="creditcardPortal" time="6.619"/>
</testsuite> <!-- com.testng.hdfc.CreditCardPortal -->
