<?xml version="1.0" encoding="UTF-8"?>
<!-- Generated by org.testng.reporters.JUnitReportReporter -->
<testsuite hostname="FaizanAhmad" failures="0" tests="4" name="com.testng.hdfc.Selectproducttype1" time="61.177" errors="0" timestamp="2024-08-02T14:59:14 IST" skipped="0">
  <testcase classname="com.testng.hdfc.Selectproducttype1" name="creditCards" time="35.980"/>
  <testcase classname="com.testng.hdfc.Selectproducttype1" name="dropdown" time="11.451"/>
  <testcase classname="com.testng.hdfc.Selectproducttype1" name="invest" time="5.957"/>
  <testcase classname="com.testng.hdfc.Selectproducttype1" name="deposits" time="7.789"/>
</testsuite> <!-- com.testng.hdfc.Selectproducttype1 -->
