<?xml version="1.0" encoding="UTF-8"?>
<!-- Generated by org.testng.reporters.JUnitReportReporter -->
<testsuite hostname="FaizanAhmad" failures="0" tests="1" name="com.testng.hdfc.Selectproduct" time="11.406" errors="0" timestamp="2024-08-02T14:59:14 IST" skipped="0">
  <testcase classname="com.testng.hdfc.Selectproduct" name="loans" time="11.406"/>
</testsuite> <!-- com.testng.hdfc.Selectproduct -->
