<?xml version="1.0" encoding="UTF-8"?>
<!-- Generated by org.testng.reporters.JUnitReportReporter -->
<testsuite hostname="FaizanAhmad" failures="0" tests="1" name="com.testng.hdfc.NRI" time="7.420" errors="0" timestamp="2024-08-02T14:59:14 IST" skipped="0">
  <testcase classname="com.testng.hdfc.NRI" name="nri" time="7.420"/>
</testsuite> <!-- com.testng.hdfc.NRI -->
