<?xml version="1.0" encoding="UTF-8"?>
<!-- Generated by org.testng.reporters.JUnitReportReporter -->
<testsuite hostname="FaizanAhmad" failures="0" tests="1" name="com.testng.hdfc.HoverDemo" time="11.881" errors="0" timestamp="2024-07-29T18:06:11 IST" skipped="0">
  <testcase classname="com.testng.hdfc.HoverDemo" name="Hovermethod" time="11.881"/>
</testsuite> <!-- com.testng.hdfc.HoverDemo -->
