<?xml version="1.0" encoding="UTF-8"?>
<!-- Generated by org.testng.reporters.JUnitReportReporter -->
<testsuite hostname="FaizanAhmad" failures="0" tests="1" name="com.testng.hdfc.Personal" time="7.886" errors="0" timestamp="2024-08-02T14:59:14 IST" skipped="0">
  <testcase classname="com.testng.hdfc.Personal" name="personal" time="7.886"/>
</testsuite> <!-- com.testng.hdfc.Personal -->
