<?xml version="1.0" encoding="UTF-8"?>
<!-- Generated by org.testng.reporters.JUnitReportReporter -->
<testsuite hostname="FaizanAhmad" failures="0" tests="2" name="com.testng.hdfc.Loansportal" time="35.668" errors="0" timestamp="2024-08-02T14:59:14 IST" skipped="0">
  <testcase classname="com.testng.hdfc.Loansportal" name="close" time="11.536"/>
  <testcase classname="com.testng.hdfc.Loansportal" name="loansPortal" time="24.132"/>
</testsuite> <!-- com.testng.hdfc.Loansportal -->
