<?xml version="1.0" encoding="UTF-8"?>
<!-- Generated by org.testng.reporters.JUnitReportReporter -->
<testsuite hostname="FaizanAhmad" failures="0" tests="2" name="com.testng.hdfc.Hdfchoverclass" time="10.857" errors="0" timestamp="2024-07-29T17:31:48 IST" skipped="0">
  <testcase classname="com.testng.hdfc.Hdfchoverclass" name="hdfchover" time="4.741"/>
  <system-out/>
  <testcase classname="com.testng.hdfc.Hdfchoverclass" name="close" time="6.116"/>
  <system-out/>
</testsuite> <!-- com.testng.hdfc.Hdfchoverclass -->
