<?xml version="1.0" encoding="UTF-8"?>
<!-- Generated by org.testng.reporters.JUnitReportReporter -->
<testsuite hostname="FaizanAhmad" failures="0" tests="1" name="Jiomart" time="19.744" errors="0" timestamp="2024-07-01T15:49:11 IST" skipped="0">
  <testcase classname="Jiomart" name="registration" time="19.744"/>
  <system-out/>
</testsuite> <!-- Jiomart -->
