<?xml version="1.0" encoding="UTF-8"?>
<!-- Generated by org.testng.reporters.JUnitReportReporter -->
<testsuite hostname="FaizanAhmad" failures="0" tests="1" name="com.testng.hdfc.Agri" time="7.454" errors="0" timestamp="2024-07-29T19:46:25 IST" skipped="0">
  <testcase classname="com.testng.hdfc.Agri" name="agri" time="7.454"/>
  <system-out/>
</testsuite> <!-- com.testng.hdfc.Agri -->
