<?xml version="1.0" encoding="UTF-8"?>
<!-- Generated by org.testng.reporters.JUnitReportReporter -->
<testsuite hostname="FaizanAhmad" failures="0" tests="1" name="com.testng.flipkart.Gear" time="15.353" errors="0" timestamp="2024-06-06T13:05:14 IST" skipped="0">
  <testcase classname="com.testng.flipkart.Gear" name="Gear" time="15.353"/>
</testsuite> <!-- com.testng.flipkart.Gear -->
