<?xml version="1.0" encoding="UTF-8"?>
<!-- Generated by org.testng.reporters.JUnitReportReporter -->
<testsuite hostname="FaizanAhmad" failures="0" tests="1" name="ReadtableAutomate" time="5.539" errors="0" timestamp="2024-07-01T18:29:08 IST" skipped="0">
  <testcase classname="ReadtableAutomate" name="readTabledata" time="5.539"/>
  <system-out/>
</testsuite> <!-- ReadtableAutomate -->
