<?xml version="1.0" encoding="UTF-8"?>
<!-- Generated by org.testng.reporters.JUnitReportReporter -->
<testsuite hostname="FaizanAhmad" failures="0" tests="1" name="Composegmail" time="12.671" errors="0" timestamp="2024-06-29T11:00:38 IST" skipped="0">
  <testcase classname="Composegmail" name="loginGmail" time="12.671"/>
  <system-out/>
</testsuite> <!-- Composegmail -->
