<?xml version="1.0" encoding="UTF-8"?>
<!-- Generated by org.testng.reporters.JUnitReportReporter -->
<testsuite hostname="FaizanAhmad" failures="0" tests="2" name="com.testng.hdfc.Loansportal" time="14.392" errors="0" timestamp="2024-07-29T17:31:48 IST" skipped="0">
  <testcase classname="com.testng.hdfc.Loansportal" name="loansPortal" time="8.066"/>
  <system-out/>
  <testcase classname="com.testng.hdfc.Loansportal" name="close" time="6.326"/>
  <system-out/>
</testsuite> <!-- com.testng.hdfc.Loansportal -->
