<?xml version="1.0" encoding="UTF-8"?>
<!-- Generated by org.testng.reporters.JUnitReportReporter -->
<testsuite hostname="FaizanAhmad" failures="0" tests="1" name="com.testng.hdfc.Gear" time="15.805" errors="0" timestamp="2024-06-15T13:45:57 IST" skipped="0">
  <testcase classname="com.testng.hdfc.Gear" name="Gear" time="15.805"/>
</testsuite> <!-- com.testng.hdfc.Gear -->
