<?xml version="1.0" encoding="UTF-8"?>
<!-- Generated by org.testng.reporters.JUnitReportReporter -->
<testsuite hostname="FaizanAhmad" failures="0" tests="1" name="Downloadingfile" time="14.691" errors="0" timestamp="2024-07-01T16:56:20 IST" skipped="0">
  <testcase classname="Downloadingfile" name="downloadFile" time="14.691"/>
  <system-out/>
</testsuite> <!-- Downloadingfile -->
