<?xml version="1.0" encoding="UTF-8"?>
<!-- Generated by org.testng.reporters.JUnitReportReporter -->
<testsuite hostname="FaizanAhmad" failures="0" tests="1" name="com.testng.hdfc.WholeSale" time="8.841" errors="0" timestamp="2024-07-29T17:31:48 IST" skipped="0">
  <testcase classname="com.testng.hdfc.WholeSale" name="wholeSale" time="8.841"/>
  <system-out/>
</testsuite> <!-- com.testng.hdfc.WholeSale -->
