<?xml version="1.0" encoding="UTF-8"?>
<!-- Generated by org.testng.reporters.JUnitReportReporter -->
<testsuite hostname="FaizanAhmad" failures="0" tests="2" name="com.testng.hdfc.Dropdown" time="145.420" errors="0" timestamp="2024-06-16T11:52:30 IST" skipped="0">
  <testcase classname="com.testng.hdfc.Dropdown" name="creditCards" time="56.545"/>
  <testcase classname="com.testng.hdfc.Dropdown" name="dropdown" time="88.875"/>
</testsuite> <!-- com.testng.hdfc.Dropdown -->
