<?xml version="1.0" encoding="UTF-8"?>
<!-- Generated by org.testng.reporters.JUnitReportReporter -->
<testsuite hostname="FaizanAhmad" failures="0" tests="1" name="Gmaillogin" time="12.693" errors="0" timestamp="2024-06-28T14:44:44 IST" skipped="0">
  <testcase classname="Gmaillogin" name="loginGmail" time="12.693"/>
  <system-out/>
</testsuite> <!-- Gmaillogin -->
