<?xml version="1.0" encoding="UTF-8"?>
<!-- Generated by org.testng.reporters.JUnitReportReporter -->
<testsuite hostname="FaizanAhmad" failures="0" tests="4" name="com.testng.hdfc.Selectproducttype1" time="42.695" errors="0" timestamp="2024-07-29T17:31:48 IST" skipped="0">
  <testcase classname="com.testng.hdfc.Selectproducttype1" name="dropdown" time="5.810"/>
  <system-out/>
  <testcase classname="com.testng.hdfc.Selectproducttype1" name="deposits" time="7.694"/>
  <system-out/>
  <testcase classname="com.testng.hdfc.Selectproducttype1" name="invest" time="12.778"/>
  <system-out/>
  <testcase classname="com.testng.hdfc.Selectproducttype1" name="creditCards" time="16.413"/>
  <system-out/>
</testsuite> <!-- com.testng.hdfc.Selectproducttype1 -->
