<?xml version="1.0" encoding="UTF-8"?>
<!-- Generated by org.testng.reporters.JUnitReportReporter -->
<testsuite hostname="FaizanAhmad" failures="0" tests="1" name="Uploadfile" time="42.885" errors="0" timestamp="2024-07-11T15:57:37 IST" skipped="0">
  <testcase classname="Uploadfile" name="uploadFile" time="42.885"/>
  <system-out/>
</testsuite> <!-- Uploadfile -->
