<?xml version="1.0" encoding="UTF-8"?>
<!-- Generated by org.testng.reporters.JUnitReportReporter -->
<testsuite hostname="FaizanAhmad" failures="0" tests="1" name="com.testng.hdfc.Selectproducttype" time="157.263" errors="0" timestamp="2024-06-15T23:33:06 IST" skipped="0">
  <testcase classname="com.testng.hdfc.Selectproducttype" name="selectproductType" time="157.263"/>
</testsuite> <!-- com.testng.hdfc.Selectproducttype -->
