<?xml version="1.0" encoding="UTF-8"?>
<!-- Generated by org.testng.reporters.JUnitReportReporter -->
<testsuite hostname="FaizanAhmad" failures="0" tests="1" name="com.testng.hdfc.Selectproduct" time="9.539" errors="0" timestamp="2024-07-29T17:31:48 IST" skipped="0">
  <testcase classname="com.testng.hdfc.Selectproduct" name="loans" time="9.539"/>
  <system-out/>
</testsuite> <!-- com.testng.hdfc.Selectproduct -->
