<?xml version="1.0" encoding="UTF-8"?>
<!-- Generated by org.testng.reporters.JUnitReportReporter -->
<testsuite hostname="FaizanAhmad" failures="0" tests="1" name="WebtableRowColoumn" time="14.926" errors="0" timestamp="2024-07-02T11:23:13 IST" skipped="0">
  <testcase classname="WebtableRowColoumn" name="WebTableRowCol" time="14.926"/>
  <system-out/>
</testsuite> <!-- WebtableRowColoumn -->
