<?xml version="1.0" encoding="UTF-8"?>
<!-- Generated by org.testng.reporters.JUnitReportReporter -->
<testsuite hostname="FaizanAhmad" failures="0" tests="2" name="com.testng.hdfc.HdfcLimited" time="19.905" errors="0" timestamp="2024-07-29T17:31:48 IST" skipped="0">
  <testcase classname="com.testng.hdfc.HdfcLimited" name="close" time="6.773"/>
  <system-out/>
  <testcase classname="com.testng.hdfc.HdfcLimited" name="loansPortal" time="13.132"/>
  <system-out/>
</testsuite> <!-- com.testng.hdfc.HdfcLimited -->
