<?xml version="1.0" encoding="UTF-8"?>
<!-- Generated by org.testng.reporters.JUnitReportReporter -->
<testsuite hostname="FaizanAhmad" failures="0" tests="2" name="com.testng.hdfc.CreditCardPortal" time="14.730" errors="0" timestamp="2024-07-29T17:31:48 IST" skipped="0">
  <testcase classname="com.testng.hdfc.CreditCardPortal" name="creditcardPortal" time="8.649"/>
  <system-out/>
  <testcase classname="com.testng.hdfc.CreditCardPortal" name="close" time="6.081"/>
  <system-out/>
</testsuite> <!-- com.testng.hdfc.CreditCardPortal -->
